<?xml version="1.0" encoding="UTF-8"?>
<testsuite xmlns:xsi="http://www.w3.org/2001/XMLSchema-instance" xsi:noNamespaceSchemaLocation="https://maven.apache.org/surefire/maven-surefire-plugin/xsd/surefire-test-report.xsd" name="Amazon_Checkout" time="44.312" tests="2" errors="2" skipped="0" failures="0">
  <properties>
    <property name="gopherProxySet" value="false"/>
    <property name="awt.toolkit" value="sun.lwawt.macosx.LWCToolkit"/>
    <property name="file.encoding.pkg" value="sun.io"/>
    <property name="java.specification.version" value="1.8"/>
    <property name="sun.cpu.isalist" value=""/>
    <property name="sun.jnu.encoding" value="UTF-8"/>
    <property name="java.class.path" value="/Users/asthayvas/eclipse-workspace/EcommerceTests/target/test-classes:/Users/asthayvas/eclipse-workspace/EcommerceTests/target/classes:/Users/asthayvas/.m2/repository/org/junit/jupiter/junit-jupiter-api/5.6.1/junit-jupiter-api-5.6.1.jar:/Users/asthayvas/.m2/repository/org/apiguardian/apiguardian-api/1.1.0/apiguardian-api-1.1.0.jar:/Users/asthayvas/.m2/repository/org/opentest4j/opentest4j/1.2.0/opentest4j-1.2.0.jar:/Users/asthayvas/.m2/repository/org/junit/platform/junit-platform-commons/1.6.1/junit-platform-commons-1.6.1.jar:/Users/asthayvas/.m2/repository/io/cucumber/cucumber-junit/5.5.0/cucumber-junit-5.5.0.jar:/Users/asthayvas/.m2/repository/io/cucumber/cucumber-core/5.5.0/cucumber-core-5.5.0.jar:/Users/asthayvas/.m2/repository/io/cucumber/cucumber-gherkin/5.5.0/cucumber-gherkin-5.5.0.jar:/Users/asthayvas/.m2/repository/io/cucumber/cucumber-gherkin-vintage/5.5.0/cucumber-gherkin-vintage-5.5.0.jar:/Users/asthayvas/.m2/repository/io/cucumber/tag-expressions/2.0.4/tag-expressions-2.0.4.jar:/Users/asthayvas/.m2/repository/io/cucumber/cucumber-expressions/8.3.1/cucumber-expressions-8.3.1.jar:/Users/asthayvas/.m2/repository/io/cucumber/datatable/3.3.0/datatable-3.3.0.jar:/Users/asthayvas/.m2/repository/io/cucumber/cucumber-plugin/5.5.0/cucumber-plugin-5.5.0.jar:/Users/asthayvas/.m2/repository/io/cucumber/docstring/5.5.0/docstring-5.5.0.jar:/Users/asthayvas/.m2/repository/junit/junit/4.13/junit-4.13.jar:/Users/asthayvas/.m2/repository/org/hamcrest/hamcrest-core/1.3/hamcrest-core-1.3.jar:/Users/asthayvas/.m2/repository/io/cucumber/cucumber-java/5.5.0/cucumber-java-5.5.0.jar:/Users/asthayvas/.m2/repository/io/cucumber/cucumber-picocontainer/5.5.0/cucumber-picocontainer-5.5.0.jar:/Users/asthayvas/.m2/repository/org/picocontainer/picocontainer/2.15/picocontainer-2.15.jar:/Users/asthayvas/.m2/repository/io/appium/java-client/7.3.0/java-client-7.3.0.jar:/Users/asthayvas/.m2/repository/org/seleniumhq/selenium/selenium-java/3.141.59/selenium-java-3.141.59.jar:/Users/asthayvas/.m2/repository/org/seleniumhq/selenium/selenium-chrome-driver/3.141.59/selenium-chrome-driver-3.141.59.jar:/Users/asthayvas/.m2/repository/org/seleniumhq/selenium/selenium-edge-driver/3.141.59/selenium-edge-driver-3.141.59.jar:/Users/asthayvas/.m2/repository/org/seleniumhq/selenium/selenium-firefox-driver/3.141.59/selenium-firefox-driver-3.141.59.jar:/Users/asthayvas/.m2/repository/org/seleniumhq/selenium/selenium-ie-driver/3.141.59/selenium-ie-driver-3.141.59.jar:/Users/asthayvas/.m2/repository/org/seleniumhq/selenium/selenium-opera-driver/3.141.59/selenium-opera-driver-3.141.59.jar:/Users/asthayvas/.m2/repository/org/seleniumhq/selenium/selenium-remote-driver/3.141.59/selenium-remote-driver-3.141.59.jar:/Users/asthayvas/.m2/repository/org/seleniumhq/selenium/selenium-safari-driver/3.141.59/selenium-safari-driver-3.141.59.jar:/Users/asthayvas/.m2/repository/net/bytebuddy/byte-buddy/1.8.15/byte-buddy-1.8.15.jar:/Users/asthayvas/.m2/repository/org/apache/commons/commons-exec/1.3/commons-exec-1.3.jar:/Users/asthayvas/.m2/repository/com/google/guava/guava/25.0-jre/guava-25.0-jre.jar:/Users/asthayvas/.m2/repository/com/google/code/findbugs/jsr305/1.3.9/jsr305-1.3.9.jar:/Users/asthayvas/.m2/repository/org/checkerframework/checker-compat-qual/2.0.0/checker-compat-qual-2.0.0.jar:/Users/asthayvas/.m2/repository/com/google/errorprone/error_prone_annotations/2.1.3/error_prone_annotations-2.1.3.jar:/Users/asthayvas/.m2/repository/com/google/j2objc/j2objc-annotations/1.1/j2objc-annotations-1.1.jar:/Users/asthayvas/.m2/repository/org/codehaus/mojo/animal-sniffer-annotations/1.14/animal-sniffer-annotations-1.14.jar:/Users/asthayvas/.m2/repository/com/squareup/okhttp3/okhttp/3.11.0/okhttp-3.11.0.jar:/Users/asthayvas/.m2/repository/com/squareup/okio/okio/1.14.0/okio-1.14.0.jar:/Users/asthayvas/.m2/repository/org/seleniumhq/selenium/selenium-support/3.141.59/selenium-support-3.141.59.jar:/Users/asthayvas/.m2/repository/org/seleniumhq/selenium/selenium-api/3.141.59/selenium-api-3.141.59.jar:/Users/asthayvas/.m2/repository/com/google/code/gson/gson/2.8.5/gson-2.8.5.jar:/Users/asthayvas/.m2/repository/org/apache/httpcomponents/httpclient/4.5.9/httpclient-4.5.9.jar:/Users/asthayvas/.m2/repository/org/apache/httpcomponents/httpcore/4.4.11/httpcore-4.4.11.jar:/Users/asthayvas/.m2/repository/commons-logging/commons-logging/1.2/commons-logging-1.2.jar:/Users/asthayvas/.m2/repository/commons-codec/commons-codec/1.11/commons-codec-1.11.jar:/Users/asthayvas/.m2/repository/cglib/cglib/3.2.12/cglib-3.2.12.jar:/Users/asthayvas/.m2/repository/org/ow2/asm/asm/7.1/asm-7.1.jar:/Users/asthayvas/.m2/repository/commons-validator/commons-validator/1.6/commons-validator-1.6.jar:/Users/asthayvas/.m2/repository/commons-beanutils/commons-beanutils/1.9.2/commons-beanutils-1.9.2.jar:/Users/asthayvas/.m2/repository/commons-digester/commons-digester/1.8.1/commons-digester-1.8.1.jar:/Users/asthayvas/.m2/repository/commons-collections/commons-collections/3.2.2/commons-collections-3.2.2.jar:/Users/asthayvas/.m2/repository/org/apache/commons/commons-lang3/3.9/commons-lang3-3.9.jar:/Users/asthayvas/.m2/repository/commons-io/commons-io/2.6/commons-io-2.6.jar:/Users/asthayvas/.m2/repository/org/springframework/spring-context/5.1.8.RELEASE/spring-context-5.1.8.RELEASE.jar:/Users/asthayvas/.m2/repository/org/springframework/spring-aop/5.1.8.RELEASE/spring-aop-5.1.8.RELEASE.jar:/Users/asthayvas/.m2/repository/org/springframework/spring-beans/5.1.8.RELEASE/spring-beans-5.1.8.RELEASE.jar:/Users/asthayvas/.m2/repository/org/springframework/spring-core/5.1.8.RELEASE/spring-core-5.1.8.RELEASE.jar:/Users/asthayvas/.m2/repository/org/springframework/spring-jcl/5.1.8.RELEASE/spring-jcl-5.1.8.RELEASE.jar:/Users/asthayvas/.m2/repository/org/springframework/spring-expression/5.1.8.RELEASE/spring-expression-5.1.8.RELEASE.jar:/Users/asthayvas/.m2/repository/org/aspectj/aspectjweaver/1.9.4/aspectjweaver-1.9.4.jar:/Users/asthayvas/.m2/repository/org/slf4j/slf4j-api/1.7.26/slf4j-api-1.7.26.jar:"/>
    <property name="java.vm.vendor" value="AdoptOpenJDK"/>
    <property name="sun.arch.data.model" value="64"/>
    <property name="java.vendor.url" value="http://java.oracle.com/"/>
    <property name="user.timezone" value=""/>
    <property name="java.vm.specification.version" value="1.8"/>
    <property name="os.name" value="Mac OS X"/>
    <property name="user.country" value="AU"/>
    <property name="sun.java.launcher" value="SUN_STANDARD"/>
    <property name="sun.boot.library.path" value="/Library/Java/JavaVirtualMachines/adoptopenjdk-8.jdk/Contents/Home/jre/lib"/>
    <property name="sun.java.command" value="/Users/asthayvas/eclipse-workspace/EcommerceTests/target/surefire/surefirebooter434580669668740042.jar /Users/asthayvas/eclipse-workspace/EcommerceTests/target/surefire 2020-04-24T13-52-42_958-jvmRun1 surefire193401697411586606tmp surefire_01069129293282709901tmp"/>
    <property name="http.nonProxyHosts" value="local|*.local|169.254/16|*.169.254/16"/>
    <property name="surefire.test.class.path" value="/Users/asthayvas/eclipse-workspace/EcommerceTests/target/test-classes:/Users/asthayvas/eclipse-workspace/EcommerceTests/target/classes:/Users/asthayvas/.m2/repository/org/junit/jupiter/junit-jupiter-api/5.6.1/junit-jupiter-api-5.6.1.jar:/Users/asthayvas/.m2/repository/org/apiguardian/apiguardian-api/1.1.0/apiguardian-api-1.1.0.jar:/Users/asthayvas/.m2/repository/org/opentest4j/opentest4j/1.2.0/opentest4j-1.2.0.jar:/Users/asthayvas/.m2/repository/org/junit/platform/junit-platform-commons/1.6.1/junit-platform-commons-1.6.1.jar:/Users/asthayvas/.m2/repository/io/cucumber/cucumber-junit/5.5.0/cucumber-junit-5.5.0.jar:/Users/asthayvas/.m2/repository/io/cucumber/cucumber-core/5.5.0/cucumber-core-5.5.0.jar:/Users/asthayvas/.m2/repository/io/cucumber/cucumber-gherkin/5.5.0/cucumber-gherkin-5.5.0.jar:/Users/asthayvas/.m2/repository/io/cucumber/cucumber-gherkin-vintage/5.5.0/cucumber-gherkin-vintage-5.5.0.jar:/Users/asthayvas/.m2/repository/io/cucumber/tag-expressions/2.0.4/tag-expressions-2.0.4.jar:/Users/asthayvas/.m2/repository/io/cucumber/cucumber-expressions/8.3.1/cucumber-expressions-8.3.1.jar:/Users/asthayvas/.m2/repository/io/cucumber/datatable/3.3.0/datatable-3.3.0.jar:/Users/asthayvas/.m2/repository/io/cucumber/cucumber-plugin/5.5.0/cucumber-plugin-5.5.0.jar:/Users/asthayvas/.m2/repository/io/cucumber/docstring/5.5.0/docstring-5.5.0.jar:/Users/asthayvas/.m2/repository/junit/junit/4.13/junit-4.13.jar:/Users/asthayvas/.m2/repository/org/hamcrest/hamcrest-core/1.3/hamcrest-core-1.3.jar:/Users/asthayvas/.m2/repository/io/cucumber/cucumber-java/5.5.0/cucumber-java-5.5.0.jar:/Users/asthayvas/.m2/repository/io/cucumber/cucumber-picocontainer/5.5.0/cucumber-picocontainer-5.5.0.jar:/Users/asthayvas/.m2/repository/org/picocontainer/picocontainer/2.15/picocontainer-2.15.jar:/Users/asthayvas/.m2/repository/io/appium/java-client/7.3.0/java-client-7.3.0.jar:/Users/asthayvas/.m2/repository/org/seleniumhq/selenium/selenium-java/3.141.59/selenium-java-3.141.59.jar:/Users/asthayvas/.m2/repository/org/seleniumhq/selenium/selenium-chrome-driver/3.141.59/selenium-chrome-driver-3.141.59.jar:/Users/asthayvas/.m2/repository/org/seleniumhq/selenium/selenium-edge-driver/3.141.59/selenium-edge-driver-3.141.59.jar:/Users/asthayvas/.m2/repository/org/seleniumhq/selenium/selenium-firefox-driver/3.141.59/selenium-firefox-driver-3.141.59.jar:/Users/asthayvas/.m2/repository/org/seleniumhq/selenium/selenium-ie-driver/3.141.59/selenium-ie-driver-3.141.59.jar:/Users/asthayvas/.m2/repository/org/seleniumhq/selenium/selenium-opera-driver/3.141.59/selenium-opera-driver-3.141.59.jar:/Users/asthayvas/.m2/repository/org/seleniumhq/selenium/selenium-remote-driver/3.141.59/selenium-remote-driver-3.141.59.jar:/Users/asthayvas/.m2/repository/org/seleniumhq/selenium/selenium-safari-driver/3.141.59/selenium-safari-driver-3.141.59.jar:/Users/asthayvas/.m2/repository/net/bytebuddy/byte-buddy/1.8.15/byte-buddy-1.8.15.jar:/Users/asthayvas/.m2/repository/org/apache/commons/commons-exec/1.3/commons-exec-1.3.jar:/Users/asthayvas/.m2/repository/com/google/guava/guava/25.0-jre/guava-25.0-jre.jar:/Users/asthayvas/.m2/repository/com/google/code/findbugs/jsr305/1.3.9/jsr305-1.3.9.jar:/Users/asthayvas/.m2/repository/org/checkerframework/checker-compat-qual/2.0.0/checker-compat-qual-2.0.0.jar:/Users/asthayvas/.m2/repository/com/google/errorprone/error_prone_annotations/2.1.3/error_prone_annotations-2.1.3.jar:/Users/asthayvas/.m2/repository/com/google/j2objc/j2objc-annotations/1.1/j2objc-annotations-1.1.jar:/Users/asthayvas/.m2/repository/org/codehaus/mojo/animal-sniffer-annotations/1.14/animal-sniffer-annotations-1.14.jar:/Users/asthayvas/.m2/repository/com/squareup/okhttp3/okhttp/3.11.0/okhttp-3.11.0.jar:/Users/asthayvas/.m2/repository/com/squareup/okio/okio/1.14.0/okio-1.14.0.jar:/Users/asthayvas/.m2/repository/org/seleniumhq/selenium/selenium-support/3.141.59/selenium-support-3.141.59.jar:/Users/asthayvas/.m2/repository/org/seleniumhq/selenium/selenium-api/3.141.59/selenium-api-3.141.59.jar:/Users/asthayvas/.m2/repository/com/google/code/gson/gson/2.8.5/gson-2.8.5.jar:/Users/asthayvas/.m2/repository/org/apache/httpcomponents/httpclient/4.5.9/httpclient-4.5.9.jar:/Users/asthayvas/.m2/repository/org/apache/httpcomponents/httpcore/4.4.11/httpcore-4.4.11.jar:/Users/asthayvas/.m2/repository/commons-logging/commons-logging/1.2/commons-logging-1.2.jar:/Users/asthayvas/.m2/repository/commons-codec/commons-codec/1.11/commons-codec-1.11.jar:/Users/asthayvas/.m2/repository/cglib/cglib/3.2.12/cglib-3.2.12.jar:/Users/asthayvas/.m2/repository/org/ow2/asm/asm/7.1/asm-7.1.jar:/Users/asthayvas/.m2/repository/commons-validator/commons-validator/1.6/commons-validator-1.6.jar:/Users/asthayvas/.m2/repository/commons-beanutils/commons-beanutils/1.9.2/commons-beanutils-1.9.2.jar:/Users/asthayvas/.m2/repository/commons-digester/commons-digester/1.8.1/commons-digester-1.8.1.jar:/Users/asthayvas/.m2/repository/commons-collections/commons-collections/3.2.2/commons-collections-3.2.2.jar:/Users/asthayvas/.m2/repository/org/apache/commons/commons-lang3/3.9/commons-lang3-3.9.jar:/Users/asthayvas/.m2/repository/commons-io/commons-io/2.6/commons-io-2.6.jar:/Users/asthayvas/.m2/repository/org/springframework/spring-context/5.1.8.RELEASE/spring-context-5.1.8.RELEASE.jar:/Users/asthayvas/.m2/repository/org/springframework/spring-aop/5.1.8.RELEASE/spring-aop-5.1.8.RELEASE.jar:/Users/asthayvas/.m2/repository/org/springframework/spring-beans/5.1.8.RELEASE/spring-beans-5.1.8.RELEASE.jar:/Users/asthayvas/.m2/repository/org/springframework/spring-core/5.1.8.RELEASE/spring-core-5.1.8.RELEASE.jar:/Users/asthayvas/.m2/repository/org/springframework/spring-jcl/5.1.8.RELEASE/spring-jcl-5.1.8.RELEASE.jar:/Users/asthayvas/.m2/repository/org/springframework/spring-expression/5.1.8.RELEASE/spring-expression-5.1.8.RELEASE.jar:/Users/asthayvas/.m2/repository/org/aspectj/aspectjweaver/1.9.4/aspectjweaver-1.9.4.jar:/Users/asthayvas/.m2/repository/org/slf4j/slf4j-api/1.7.26/slf4j-api-1.7.26.jar:"/>
    <property name="sun.cpu.endian" value="little"/>
    <property name="user.home" value="/Users/asthayvas"/>
    <property name="user.language" value="en"/>
    <property name="java.specification.vendor" value="Oracle Corporation"/>
    <property name="java.home" value="/Library/Java/JavaVirtualMachines/adoptopenjdk-8.jdk/Contents/Home/jre"/>
    <property name="basedir" value="/Users/asthayvas/eclipse-workspace/EcommerceTests"/>
    <property name="file.separator" value="/"/>
    <property name="line.separator" value="&#10;"/>
    <property name="java.vm.specification.vendor" value="Oracle Corporation"/>
    <property name="java.specification.name" value="Java Platform API Specification"/>
    <property name="java.awt.graphicsenv" value="sun.awt.CGraphicsEnvironment"/>
    <property name="surefire.real.class.path" value="/Users/asthayvas/eclipse-workspace/EcommerceTests/target/surefire/surefirebooter434580669668740042.jar"/>
    <property name="sun.boot.class.path" value="/Library/Java/JavaVirtualMachines/adoptopenjdk-8.jdk/Contents/Home/jre/lib/resources.jar:/Library/Java/JavaVirtualMachines/adoptopenjdk-8.jdk/Contents/Home/jre/lib/rt.jar:/Library/Java/JavaVirtualMachines/adoptopenjdk-8.jdk/Contents/Home/jre/lib/sunrsasign.jar:/Library/Java/JavaVirtualMachines/adoptopenjdk-8.jdk/Contents/Home/jre/lib/jsse.jar:/Library/Java/JavaVirtualMachines/adoptopenjdk-8.jdk/Contents/Home/jre/lib/jce.jar:/Library/Java/JavaVirtualMachines/adoptopenjdk-8.jdk/Contents/Home/jre/lib/charsets.jar:/Library/Java/JavaVirtualMachines/adoptopenjdk-8.jdk/Contents/Home/jre/lib/jfr.jar:/Library/Java/JavaVirtualMachines/adoptopenjdk-8.jdk/Contents/Home/jre/classes"/>
    <property name="sun.management.compiler" value="HotSpot 64-Bit Tiered Compilers"/>
    <property name="ftp.nonProxyHosts" value="local|*.local|169.254/16|*.169.254/16"/>
    <property name="java.runtime.version" value="1.8.0_242-b08"/>
    <property name="user.name" value="asthayvas"/>
    <property name="path.separator" value=":"/>
    <property name="os.version" value="10.15.3"/>
    <property name="java.endorsed.dirs" value="/Library/Java/JavaVirtualMachines/adoptopenjdk-8.jdk/Contents/Home/jre/lib/endorsed"/>
    <property name="java.runtime.name" value="OpenJDK Runtime Environment"/>
    <property name="file.encoding" value="UTF-8"/>
    <property name="java.vm.name" value="OpenJDK 64-Bit Server VM"/>
    <property name="localRepository" value="/Users/asthayvas/.m2/repository"/>
    <property name="java.vendor.url.bug" value="http://bugreport.sun.com/bugreport/"/>
    <property name="java.io.tmpdir" value="/var/folders/vc/gggx0pg136z76t5m_tfns0t40000gp/T/"/>
    <property name="java.version" value="1.8.0_242"/>
    <property name="user.dir" value="/Users/asthayvas/eclipse-workspace/EcommerceTests"/>
    <property name="os.arch" value="x86_64"/>
    <property name="java.vm.specification.name" value="Java Virtual Machine Specification"/>
    <property name="java.awt.printerjob" value="sun.lwawt.macosx.CPrinterJob"/>
    <property name="sun.os.patch.level" value="unknown"/>
    <property name="java.library.path" value="/Users/asthayvas/Library/Java/Extensions:/Library/Java/Extensions:/Network/Library/Java/Extensions:/System/Library/Java/Extensions:/usr/lib/java:."/>
    <property name="java.vm.info" value="mixed mode"/>
    <property name="java.vendor" value="AdoptOpenJDK"/>
    <property name="java.vm.version" value="25.242-b08"/>
    <property name="java.ext.dirs" value="/Users/asthayvas/Library/Java/Extensions:/Library/Java/JavaVirtualMachines/adoptopenjdk-8.jdk/Contents/Home/jre/lib/ext:/Library/Java/Extensions:/Network/Library/Java/Extensions:/System/Library/Java/Extensions:/usr/lib/java"/>
    <property name="sun.io.unicode.encoding" value="UnicodeBig"/>
    <property name="java.class.version" value="52.0"/>
    <property name="socksNonProxyHosts" value="local|*.local|169.254/16|*.169.254/16"/>
  </properties>
  <testcase name="Purchase a TV from the Amazon application" classname="Amazon_Checkout" time="42.185">
    <error message="Unable to create a new remote session. Please check the server log for more details. Original error: An unknown server-side error occurred while processing the command. Original error: Could not find a connected Android device in 20355ms.&#10;Build info: version: &apos;3.141.59&apos;, revision: &apos;e82be7d358&apos;, time: &apos;2018-11-14T08:17:03&apos;&#10;System info: host: &apos;asthayvas-FVFX703QHV2G&apos;, ip: &apos;fe80:0:0:0:e2:b908:8def:b4b3%en0&apos;, os.name: &apos;Mac OS X&apos;, os.arch: &apos;x86_64&apos;, os.version: &apos;10.15.3&apos;, java.version: &apos;1.8.0_242&apos;&#10;Driver info: driver.version: AndroidDriver&#10;remote stacktrace: UnknownError: An unknown server-side error occurred while processing the command. Original error: Could not find a connected Android device in 20355ms.&#10;    at getResponseForW3CError (/Users/asthayvas/.nvm/versions/node/v12.16.0/lib/node_modules/appium/node_modules/appium-base-driver/lib/protocol/errors.js:804:9)&#10;    at asyncHandler (/Users/asthayvas/.nvm/versions/node/v12.16.0/lib/node_modules/appium/node_modules/appium-base-driver/lib/protocol/protocol.js:392:37)&#10;Build info: version: &apos;3.141.59&apos;, revision: &apos;e82be7d358&apos;, time: &apos;2018-11-14T08:17:03&apos;&#10;System info: host: &apos;asthayvas-FVFX703QHV2G&apos;, ip: &apos;fe80:0:0:0:e2:b908:8def:b4b3%en0&apos;, os.name: &apos;Mac OS X&apos;, os.arch: &apos;x86_64&apos;, os.version: &apos;10.15.3&apos;, java.version: &apos;1.8.0_242&apos;&#10;Driver info: driver.version: AndroidDriver" type="org.openqa.selenium.SessionNotCreatedException">org.openqa.selenium.SessionNotCreatedException: 
Unable to create a new remote session. Please check the server log for more details. Original error: An unknown server-side error occurred while processing the command. Original error: Could not find a connected Android device in 20355ms.
Build info: version: '3.141.59', revision: 'e82be7d358', time: '2018-11-14T08:17:03'
System info: host: 'asthayvas-FVFX703QHV2G', ip: 'fe80:0:0:0:e2:b908:8def:b4b3%en0', os.name: 'Mac OS X', os.arch: 'x86_64', os.version: '10.15.3', java.version: '1.8.0_242'
Driver info: driver.version: AndroidDriver
remote stacktrace: UnknownError: An unknown server-side error occurred while processing the command. Original error: Could not find a connected Android device in 20355ms.
    at getResponseForW3CError (/Users/asthayvas/.nvm/versions/node/v12.16.0/lib/node_modules/appium/node_modules/appium-base-driver/lib/protocol/errors.js:804:9)
    at asyncHandler (/Users/asthayvas/.nvm/versions/node/v12.16.0/lib/node_modules/appium/node_modules/appium-base-driver/lib/protocol/protocol.js:392:37)
Build info: version: '3.141.59', revision: 'e82be7d358', time: '2018-11-14T08:17:03'
System info: host: 'asthayvas-FVFX703QHV2G', ip: 'fe80:0:0:0:e2:b908:8def:b4b3%en0', os.name: 'Mac OS X', os.arch: 'x86_64', os.version: '10.15.3', java.version: '1.8.0_242'
Driver info: driver.version: AndroidDriver
Caused by: java.lang.reflect.InvocationTargetException
Caused by: org.openqa.selenium.WebDriverException: 
An unknown server-side error occurred while processing the command. Original error: Could not find a connected Android device in 20355ms.
Build info: version: '3.141.59', revision: 'e82be7d358', time: '2018-11-14T08:17:03'
System info: host: 'asthayvas-FVFX703QHV2G', ip: 'fe80:0:0:0:e2:b908:8def:b4b3%en0', os.name: 'Mac OS X', os.arch: 'x86_64', os.version: '10.15.3', java.version: '1.8.0_242'
Driver info: driver.version: AndroidDriver
remote stacktrace: UnknownError: An unknown server-side error occurred while processing the command. Original error: Could not find a connected Android device in 20355ms.
    at getResponseForW3CError (/Users/asthayvas/.nvm/versions/node/v12.16.0/lib/node_modules/appium/node_modules/appium-base-driver/lib/protocol/errors.js:804:9)
    at asyncHandler (/Users/asthayvas/.nvm/versions/node/v12.16.0/lib/node_modules/appium/node_modules/appium-base-driver/lib/protocol/protocol.js:392:37)
</error>
    <system-out><![CDATA[&amp#27;[35m[Appium]&amp#27;[39m Welcome to Appium v1.17.0
&amp#27;[35m[Appium]&amp#27;[39m Non-default server args:
&amp#27;[35m[Appium]&amp#27;[39m   port: 44808
&amp#27;[35m[Appium]&amp#27;[39m   allowInsecure: {
&amp#27;[35m[Appium]&amp#27;[39m     0: chromedriver_autodownload
&amp#27;[35m[Appium]&amp#27;[39m   }
&amp#27;[35m[Appium]&amp#27;[39m Appium REST http interface listener started on 0.0.0.0:44808
&amp#27;[35m[HTTP]&amp#27;[39m &amp#27;[37m-->&amp#27;[39m &amp#27;[37mGET&amp#27;[39m &amp#27;[37m/wd/hub/status&amp#27;[39m
&amp#27;[35m[HTTP]&amp#27;[39m &amp#27;[90m{}&amp#27;[39m
[debug] &amp#27;[35m[GENERIC]&amp#27;[39m Calling AppiumDriver.getStatus() with args: []
[debug] &amp#27;[35m[GENERIC]&amp#27;[39m Responding to client with driver.getStatus() result: {"build":{"version":"1.17.0"}}
&amp#27;[35m[HTTP]&amp#27;[39m &amp#27;[37m<-- GET /wd/hub/status &amp#27;[39m&amp#27;[32m200&amp#27;[39m &amp#27;[90m5 ms - 68&amp#27;[39m
&amp#27;[35m[HTTP]&amp#27;[39m &amp#27;[90m&amp#27;[39m
&amp#27;[35m[HTTP]&amp#27;[39m &amp#27;[37m-->&amp#27;[39m &amp#27;[37mGET&amp#27;[39m &amp#27;[37m/wd/hub/status&amp#27;[39m
&amp#27;[35m[HTTP]&amp#27;[39m &amp#27;[90m{}&amp#27;[39m
[debug] &amp#27;[35m[GENERIC]&amp#27;[39m Calling AppiumDriver.getStatus() with args: []
[debug] &amp#27;[35m[GENERIC]&amp#27;[39m Responding to client with driver.getStatus() result: {"build":{"version":"1.17.0"}}
&amp#27;[35m[HTTP]&amp#27;[39m &amp#27;[37m<-- GET /wd/hub/status &amp#27;[39m&amp#27;[32m200&amp#27;[39m &amp#27;[90m1 ms - 68&amp#27;[39m
&amp#27;[35m[HTTP]&amp#27;[39m &amp#27;[90m&amp#27;[39m
&amp#27;[35m[HTTP]&amp#27;[39m &amp#27;[37m-->&amp#27;[39m &amp#27;[37mPOST&amp#27;[39m &amp#27;[37m/wd/hub/session&amp#27;[39m
&amp#27;[35m[HTTP]&amp#27;[39m &amp#27;[90m{"desiredCapabilities":{"app":"/Users/asthayvas/eclipse-workspace/EcommerceTests/app/Amazon_shopping.apk","appActivity":"com.amazon.mShop.splashscreen.StartupActivity","appPackage":"com.amazon.mShop.android.shopping","orientation":"PORTRAIT","platformVersion":"9.0","platformName":"Android","deviceName":"e99d0731","fullReset":"true"},"capabilities":{"firstMatch":[{"appium:app":"/Users/asthayvas/eclipse-workspace/EcommerceTests/app/Amazon_shopping.apk","appium:appActivity":"com.amazon.mShop.splashscreen.StartupActivity","appium:appPackage":"com.amazon.mShop.android.shopping","appium:deviceName":"e99d0731","appium:fullReset":"true","appium:orientation":"PORTRAIT","platformName":"android","appium:platformVersion":"9.0"}]}}&amp#27;[39m
[debug] &amp#27;[35m[W3C]&amp#27;[39m Calling AppiumDriver.createSession() with args: [{"app":"/Users/asthayvas/eclipse-workspace/EcommerceTests/app/Amazon_shopping.apk","appActivity":"com.amazon.mShop.splashscreen.StartupActivity","appPackage":"com.amazon.mShop.android.shopping","orientation":"PORTRAIT","platformVersion":"9.0","platformName":"Android","deviceName":"e99d0731","fullReset":"true"},null,{"firstMatch":[{"appium:app":"/Users/asthayvas/eclipse-workspace/EcommerceTests/app/Amazon_shopping.apk","appium:appActivity":"com.amazon.mShop.splashscreen.StartupActivity","appium:appPackage":"com.amazon.mShop.android.shopping","appium:deviceName":"e99d0731","appium:fullReset":"true","appium:orientation":"PORTRAIT","platformName":"android","appium:platformVersion":"9.0"}]}]
[debug] &amp#27;[35m[BaseDriver]&amp#27;[39m Event 'newSessionRequested' logged at 1587700368117 (13:52:48 GMT+1000 (Australian Eastern Standard Time))
&amp#27;[35m[Appium]&amp#27;[39m 
&amp#27;[35m[Appium]&amp#27;[39m ======================================================================
&amp#27;[35m[Appium]&amp#27;[39m   DEPRECATION WARNING:
&amp#27;[35m[Appium]&amp#27;[39m 
&amp#27;[35m[Appium]&amp#27;[39m   The 'automationName' capability was not provided in the desired 
&amp#27;[35m[Appium]&amp#27;[39m   capabilities for this Android session
&amp#27;[35m[Appium]&amp#27;[39m 
&amp#27;[35m[Appium]&amp#27;[39m   Setting 'automationName=UiAutomator2' by default and using the 
&amp#27;[35m[Appium]&amp#27;[39m   UiAutomator2 Driver
&amp#27;[35m[Appium]&amp#27;[39m 
&amp#27;[35m[Appium]&amp#27;[39m   The next major version of Appium (2.x) will **require** the 
&amp#27;[35m[Appium]&amp#27;[39m   'automationName' capability to be set for all sessions on all 
&amp#27;[35m[Appium]&amp#27;[39m   platforms
&amp#27;[35m[Appium]&amp#27;[39m 
&amp#27;[35m[Appium]&amp#27;[39m   In previous versions (Appium <= 1.13.x), the default was 
&amp#27;[35m[Appium]&amp#27;[39m   'automationName=UiAutomator1'
&amp#27;[35m[Appium]&amp#27;[39m 
&amp#27;[35m[Appium]&amp#27;[39m   If you wish to use that automation instead of UiAutomator2, please 
&amp#27;[35m[Appium]&amp#27;[39m   add 'automationName=UiAutomator1' to your desired capabilities
&amp#27;[35m[Appium]&amp#27;[39m 
&amp#27;[35m[Appium]&amp#27;[39m   For more information about drivers, please visit 
&amp#27;[35m[Appium]&amp#27;[39m   http://appium.io/docs/en/about-appium/intro/ and explore the 
&amp#27;[35m[Appium]&amp#27;[39m   'Drivers' menu
&amp#27;[35m[Appium]&amp#27;[39m 
&amp#27;[35m[Appium]&amp#27;[39m ======================================================================
&amp#27;[35m[Appium]&amp#27;[39m 
&amp#27;[35m[Appium]&amp#27;[39m Appium v1.17.0 creating new AndroidUiautomator2Driver (v1.44.2) session
&amp#27;[35m[Appium]&amp#27;[39m Explicitly enabling use of insecure features:
&amp#27;[35m[Appium]&amp#27;[39m     chromedriver_autodownload
[debug] &amp#27;[35m[BaseDriver]&amp#27;[39m W3C capabilities and MJSONWP desired capabilities were provided
[debug] &amp#27;[35m[BaseDriver]&amp#27;[39m Creating session with W3C capabilities: {
[debug] &amp#27;[35m[BaseDriver]&amp#27;[39m   "alwaysMatch": {
[debug] &amp#27;[35m[BaseDriver]&amp#27;[39m     "platformName": "android",
[debug] &amp#27;[35m[BaseDriver]&amp#27;[39m     "appium:app": "/Users/asthayvas/eclipse-workspace/EcommerceTests/app/Amazon_shopping.apk",
[debug] &amp#27;[35m[BaseDriver]&amp#27;[39m     "appium:appActivity": "com.amazon.mShop.splashscreen.StartupActivity",
[debug] &amp#27;[35m[BaseDriver]&amp#27;[39m     "appium:appPackage": "com.amazon.mShop.android.shopping",
[debug] &amp#27;[35m[BaseDriver]&amp#27;[39m     "appium:deviceName": "e99d0731",
[debug] &amp#27;[35m[BaseDriver]&amp#27;[39m     "appium:fullReset": "true",
[debug] &amp#27;[35m[BaseDriver]&amp#27;[39m     "appium:orientation": "PORTRAIT",
[debug] &amp#27;[35m[BaseDriver]&amp#27;[39m     "appium:platformVersion": "9.0"
[debug] &amp#27;[35m[BaseDriver]&amp#27;[39m   },
[debug] &amp#27;[35m[BaseDriver]&amp#27;[39m   "firstMatch": [
[debug] &amp#27;[35m[BaseDriver]&amp#27;[39m     {}
[debug] &amp#27;[35m[BaseDriver]&amp#27;[39m   ]
[debug] &amp#27;[35m[BaseDriver]&amp#27;[39m }
&amp#27;[35m[BaseDriver]&amp#27;[39m Capability 'fullReset' changed from string to boolean. This may cause unexpected behavior
&amp#27;[35m[BaseDriver]&amp#27;[39m Session created with session id: 32962db4-26ef-4261-9593-7cf7d5923248
&amp#27;[35m[BaseDriver]&amp#27;[39m Using local app '/Users/asthayvas/eclipse-workspace/EcommerceTests/app/Amazon_shopping.apk'
[debug] &amp#27;[35m[UiAutomator2]&amp#27;[39m Checking whether app is actually present
&amp#27;[35m[ADB]&amp#27;[39m Found 1 'build-tools' folders under '/usr/local/Caskroom/android-sdk/4333796' (newest first):
&amp#27;[35m[ADB]&amp#27;[39m     /usr/local/Caskroom/android-sdk/4333796/build-tools/28.0.3
&amp#27;[35m[ADB]&amp#27;[39m Using 'adb' from '/usr/local/Caskroom/android-sdk/4333796/platform-tools/adb'
&amp#27;[35m[AndroidDriver]&amp#27;[39m Retrieving device list
[debug] &amp#27;[35m[ADB]&amp#27;[39m Trying to find a connected android device
[debug] &amp#27;[35m[ADB]&amp#27;[39m Getting connected devices...
[debug] &amp#27;[35m[ADB]&amp#27;[39m No connected devices have been detected
[debug] &amp#27;[35m[ADB]&amp#27;[39m Could not find devices, restarting adb server...
[debug] &amp#27;[35m[ADB]&amp#27;[39m Restarting adb
[debug] &amp#27;[35m[ADB]&amp#27;[39m Killing adb server on port '5037'
[debug] &amp#27;[35m[ADB]&amp#27;[39m Running '/usr/local/Caskroom/android-sdk/4333796/platform-tools/adb -P 5037 kill-server'
[debug] &amp#27;[35m[ADB]&amp#27;[39m Getting connected devices...
[debug] &amp#27;[35m[ADB]&amp#27;[39m No connected devices have been detected
[debug] &amp#27;[35m[ADB]&amp#27;[39m Could not find devices, restarting adb server...
[debug] &amp#27;[35m[ADB]&amp#27;[39m Restarting adb
[debug] &amp#27;[35m[ADB]&amp#27;[39m Killing adb server on port '5037'
[debug] &amp#27;[35m[ADB]&amp#27;[39m Running '/usr/local/Caskroom/android-sdk/4333796/platform-tools/adb -P 5037 kill-server'
[debug] &amp#27;[35m[ADB]&amp#27;[39m Getting connected devices...
[debug] &amp#27;[35m[ADB]&amp#27;[39m No connected devices have been detected
[debug] &amp#27;[35m[ADB]&amp#27;[39m Could not find devices, restarting adb server...
[debug] &amp#27;[35m[ADB]&amp#27;[39m Restarting adb
[debug] &amp#27;[35m[ADB]&amp#27;[39m Killing adb server on port '5037'
[debug] &amp#27;[35m[ADB]&amp#27;[39m Running '/usr/local/Caskroom/android-sdk/4333796/platform-tools/adb -P 5037 kill-server'
[debug] &amp#27;[35m[ADB]&amp#27;[39m Getting connected devices...
[debug] &amp#27;[35m[ADB]&amp#27;[39m No connected devices have been detected
[debug] &amp#27;[35m[ADB]&amp#27;[39m Could not find devices, restarting adb server...
[debug] &amp#27;[35m[ADB]&amp#27;[39m Restarting adb
[debug] &amp#27;[35m[ADB]&amp#27;[39m Killing adb server on port '5037'
[debug] &amp#27;[35m[ADB]&amp#27;[39m Running '/usr/local/Caskroom/android-sdk/4333796/platform-tools/adb -P 5037 kill-server'
[debug] &amp#27;[35m[ADB]&amp#27;[39m Getting connected devices...
[debug] &amp#27;[35m[ADB]&amp#27;[39m No connected devices have been detected
[debug] &amp#27;[35m[ADB]&amp#27;[39m Could not find devices, restarting adb server...
[debug] &amp#27;[35m[ADB]&amp#27;[39m Restarting adb
[debug] &amp#27;[35m[ADB]&amp#27;[39m Killing adb server on port '5037'
[debug] &amp#27;[35m[ADB]&amp#27;[39m Running '/usr/local/Caskroom/android-sdk/4333796/platform-tools/adb -P 5037 kill-server'
[debug] &amp#27;[35m[ADB]&amp#27;[39m Getting connected devices...
[debug] &amp#27;[35m[ADB]&amp#27;[39m No connected devices have been detected
[debug] &amp#27;[35m[ADB]&amp#27;[39m Could not find devices, restarting adb server...
[debug] &amp#27;[35m[ADB]&amp#27;[39m Restarting adb
[debug] &amp#27;[35m[ADB]&amp#27;[39m Killing adb server on port '5037'
[debug] &amp#27;[35m[ADB]&amp#27;[39m Running '/usr/local/Caskroom/android-sdk/4333796/platform-tools/adb -P 5037 kill-server'
[debug] &amp#27;[35m[ADB]&amp#27;[39m Getting connected devices...
[debug] &amp#27;[35m[ADB]&amp#27;[39m No connected devices have been detected
[debug] &amp#27;[35m[ADB]&amp#27;[39m Could not find devices, restarting adb server...
[debug] &amp#27;[35m[ADB]&amp#27;[39m Restarting adb
[debug] &amp#27;[35m[ADB]&amp#27;[39m Killing adb server on port '5037'
[debug] &amp#27;[35m[ADB]&amp#27;[39m Running '/usr/local/Caskroom/android-sdk/4333796/platform-tools/adb -P 5037 kill-server'
[debug] &amp#27;[35m[ADB]&amp#27;[39m Getting connected devices...
[debug] &amp#27;[35m[ADB]&amp#27;[39m No connected devices have been detected
[debug] &amp#27;[35m[ADB]&amp#27;[39m Could not find devices, restarting adb server...
[debug] &amp#27;[35m[ADB]&amp#27;[39m Restarting adb
[debug] &amp#27;[35m[ADB]&amp#27;[39m Killing adb server on port '5037'
[debug] &amp#27;[35m[ADB]&amp#27;[39m Running '/usr/local/Caskroom/android-sdk/4333796/platform-tools/adb -P 5037 kill-server'
[debug] &amp#27;[35m[ADB]&amp#27;[39m Getting connected devices...
[debug] &amp#27;[35m[ADB]&amp#27;[39m No connected devices have been detected
[debug] &amp#27;[35m[ADB]&amp#27;[39m Could not find devices, restarting adb server...
[debug] &amp#27;[35m[ADB]&amp#27;[39m Restarting adb
[debug] &amp#27;[35m[ADB]&amp#27;[39m Killing adb server on port '5037'
[debug] &amp#27;[35m[ADB]&amp#27;[39m Running '/usr/local/Caskroom/android-sdk/4333796/platform-tools/adb -P 5037 kill-server'
[debug] &amp#27;[35m[ADB]&amp#27;[39m Getting connected devices...
[debug] &amp#27;[35m[ADB]&amp#27;[39m No connected devices have been detected
[debug] &amp#27;[35m[ADB]&amp#27;[39m Could not find devices, restarting adb server...
[debug] &amp#27;[35m[ADB]&amp#27;[39m Restarting adb
[debug] &amp#27;[35m[ADB]&amp#27;[39m Killing adb server on port '5037'
[debug] &amp#27;[35m[ADB]&amp#27;[39m Running '/usr/local/Caskroom/android-sdk/4333796/platform-tools/adb -P 5037 kill-server'
[debug] &amp#27;[35m[ADB]&amp#27;[39m Getting connected devices...
[debug] &amp#27;[35m[ADB]&amp#27;[39m No connected devices have been detected
[debug] &amp#27;[35m[ADB]&amp#27;[39m Could not find devices, restarting adb server...
[debug] &amp#27;[35m[ADB]&amp#27;[39m Restarting adb
[debug] &amp#27;[35m[ADB]&amp#27;[39m Killing adb server on port '5037'
[debug] &amp#27;[35m[ADB]&amp#27;[39m Running '/usr/local/Caskroom/android-sdk/4333796/platform-tools/adb -P 5037 kill-server'
[debug] &amp#27;[35m[ADB]&amp#27;[39m Getting connected devices...
[debug] &amp#27;[35m[ADB]&amp#27;[39m No connected devices have been detected
[debug] &amp#27;[35m[ADB]&amp#27;[39m Could not find devices, restarting adb server...
[debug] &amp#27;[35m[ADB]&amp#27;[39m Restarting adb
[debug] &amp#27;[35m[ADB]&amp#27;[39m Killing adb server on port '5037'
[debug] &amp#27;[35m[ADB]&amp#27;[39m Running '/usr/local/Caskroom/android-sdk/4333796/platform-tools/adb -P 5037 kill-server'
[debug] &amp#27;[35m[ADB]&amp#27;[39m Getting connected devices...
[debug] &amp#27;[35m[ADB]&amp#27;[39m No connected devices have been detected
[debug] &amp#27;[35m[ADB]&amp#27;[39m Could not find devices, restarting adb server...
[debug] &amp#27;[35m[ADB]&amp#27;[39m Restarting adb
[debug] &amp#27;[35m[ADB]&amp#27;[39m Killing adb server on port '5037'
[debug] &amp#27;[35m[ADB]&amp#27;[39m Running '/usr/local/Caskroom/android-sdk/4333796/platform-tools/adb -P 5037 kill-server'
[debug] &amp#27;[35m[ADB]&amp#27;[39m Getting connected devices...
[debug] &amp#27;[35m[ADB]&amp#27;[39m No connected devices have been detected
[debug] &amp#27;[35m[ADB]&amp#27;[39m Could not find devices, restarting adb server...
[debug] &amp#27;[35m[ADB]&amp#27;[39m Restarting adb
[debug] &amp#27;[35m[ADB]&amp#27;[39m Killing adb server on port '5037'
[debug] &amp#27;[35m[ADB]&amp#27;[39m Running '/usr/local/Caskroom/android-sdk/4333796/platform-tools/adb -P 5037 kill-server'
[debug] &amp#27;[35m[ADB]&amp#27;[39m Getting connected devices...
[debug] &amp#27;[35m[ADB]&amp#27;[39m No connected devices have been detected
[debug] &amp#27;[35m[ADB]&amp#27;[39m Could not find devices, restarting adb server...
[debug] &amp#27;[35m[ADB]&amp#27;[39m Restarting adb
[debug] &amp#27;[35m[ADB]&amp#27;[39m Killing adb server on port '5037'
[debug] &amp#27;[35m[ADB]&amp#27;[39m Running '/usr/local/Caskroom/android-sdk/4333796/platform-tools/adb -P 5037 kill-server'
[debug] &amp#27;[35m[ADB]&amp#27;[39m Getting connected devices...
[debug] &amp#27;[35m[ADB]&amp#27;[39m No connected devices have been detected
[debug] &amp#27;[35m[ADB]&amp#27;[39m Could not find devices, restarting adb server...
[debug] &amp#27;[35m[ADB]&amp#27;[39m Restarting adb
[debug] &amp#27;[35m[ADB]&amp#27;[39m Killing adb server on port '5037'
[debug] &amp#27;[35m[ADB]&amp#27;[39m Running '/usr/local/Caskroom/android-sdk/4333796/platform-tools/adb -P 5037 kill-server'
[debug] &amp#27;[35m[ADB]&amp#27;[39m Getting connected devices...
[debug] &amp#27;[35m[ADB]&amp#27;[39m No connected devices have been detected
[debug] &amp#27;[35m[ADB]&amp#27;[39m Could not find devices, restarting adb server...
[debug] &amp#27;[35m[ADB]&amp#27;[39m Restarting adb
[debug] &amp#27;[35m[ADB]&amp#27;[39m Killing adb server on port '5037'
[debug] &amp#27;[35m[ADB]&amp#27;[39m Running '/usr/local/Caskroom/android-sdk/4333796/platform-tools/adb -P 5037 kill-server'
[debug] &amp#27;[35m[ADB]&amp#27;[39m Getting connected devices...
[debug] &amp#27;[35m[ADB]&amp#27;[39m No connected devices have been detected
[debug] &amp#27;[35m[ADB]&amp#27;[39m Could not find devices, restarting adb server...
[debug] &amp#27;[35m[ADB]&amp#27;[39m Restarting adb
[debug] &amp#27;[35m[ADB]&amp#27;[39m Killing adb server on port '5037'
[debug] &amp#27;[35m[ADB]&amp#27;[39m Running '/usr/local/Caskroom/android-sdk/4333796/platform-tools/adb -P 5037 kill-server'
[debug] &amp#27;[35m[ADB]&amp#27;[39m Getting connected devices...
[debug] &amp#27;[35m[ADB]&amp#27;[39m No connected devices have been detected
[debug] &amp#27;[35m[ADB]&amp#27;[39m Could not find devices, restarting adb server...
[debug] &amp#27;[35m[ADB]&amp#27;[39m Restarting adb
[debug] &amp#27;[35m[ADB]&amp#27;[39m Killing adb server on port '5037'
[debug] &amp#27;[35m[ADB]&amp#27;[39m Running '/usr/local/Caskroom/android-sdk/4333796/platform-tools/adb -P 5037 kill-server'
[debug] &amp#27;[35m[ADB]&amp#27;[39m Getting connected devices...
[debug] &amp#27;[35m[ADB]&amp#27;[39m No connected devices have been detected
[debug] &amp#27;[35m[ADB]&amp#27;[39m Could not find devices, restarting adb server...
[debug] &amp#27;[35m[ADB]&amp#27;[39m Restarting adb
[debug] &amp#27;[35m[ADB]&amp#27;[39m Killing adb server on port '5037'
[debug] &amp#27;[35m[ADB]&amp#27;[39m Running '/usr/local/Caskroom/android-sdk/4333796/platform-tools/adb -P 5037 kill-server'
[debug] &amp#27;[35m[ADB]&amp#27;[39m Getting connected devices...
[debug] &amp#27;[35m[ADB]&amp#27;[39m No connected devices have been detected
[debug] &amp#27;[35m[ADB]&amp#27;[39m Could not find devices, restarting adb server...
[debug] &amp#27;[35m[ADB]&amp#27;[39m Restarting adb
[debug] &amp#27;[35m[ADB]&amp#27;[39m Killing adb server on port '5037'
[debug] &amp#27;[35m[ADB]&amp#27;[39m Running '/usr/local/Caskroom/android-sdk/4333796/platform-tools/adb -P 5037 kill-server'
[debug] &amp#27;[35m[ADB]&amp#27;[39m Getting connected devices...
[debug] &amp#27;[35m[ADB]&amp#27;[39m No connected devices have been detected
[debug] &amp#27;[35m[ADB]&amp#27;[39m Could not find devices, restarting adb server...
[debug] &amp#27;[35m[ADB]&amp#27;[39m Restarting adb
[debug] &amp#27;[35m[ADB]&amp#27;[39m Killing adb server on port '5037'
[debug] &amp#27;[35m[ADB]&amp#27;[39m Running '/usr/local/Caskroom/android-sdk/4333796/platform-tools/adb -P 5037 kill-server'
[debug] &amp#27;[35m[ADB]&amp#27;[39m Getting connected devices...
[debug] &amp#27;[35m[ADB]&amp#27;[39m No connected devices have been detected
[debug] &amp#27;[35m[ADB]&amp#27;[39m Could not find devices, restarting adb server...
[debug] &amp#27;[35m[ADB]&amp#27;[39m Restarting adb
[debug] &amp#27;[35m[ADB]&amp#27;[39m Killing adb server on port '5037'
[debug] &amp#27;[35m[ADB]&amp#27;[39m Running '/usr/local/Caskroom/android-sdk/4333796/platform-tools/adb -P 5037 kill-server'
[debug] &amp#27;[35m[ADB]&amp#27;[39m Getting connected devices...
[debug] &amp#27;[35m[ADB]&amp#27;[39m No connected devices have been detected
[debug] &amp#27;[35m[ADB]&amp#27;[39m Could not find devices, restarting adb server...
[debug] &amp#27;[35m[ADB]&amp#27;[39m Restarting adb
[debug] &amp#27;[35m[ADB]&amp#27;[39m Killing adb server on port '5037'
[debug] &amp#27;[35m[ADB]&amp#27;[39m Running '/usr/local/Caskroom/android-sdk/4333796/platform-tools/adb -P 5037 kill-server'
[debug] &amp#27;[35m[ADB]&amp#27;[39m Getting connected devices...
[debug] &amp#27;[35m[ADB]&amp#27;[39m No connected devices have been detected
[debug] &amp#27;[35m[ADB]&amp#27;[39m Could not find devices, restarting adb server...
[debug] &amp#27;[35m[ADB]&amp#27;[39m Restarting adb
[debug] &amp#27;[35m[ADB]&amp#27;[39m Killing adb server on port '5037'
[debug] &amp#27;[35m[ADB]&amp#27;[39m Running '/usr/local/Caskroom/android-sdk/4333796/platform-tools/adb -P 5037 kill-server'
[debug] &amp#27;[35m[ADB]&amp#27;[39m Getting connected devices...
[debug] &amp#27;[35m[ADB]&amp#27;[39m No connected devices have been detected
[debug] &amp#27;[35m[ADB]&amp#27;[39m Could not find devices, restarting adb server...
[debug] &amp#27;[35m[ADB]&amp#27;[39m Restarting adb
[debug] &amp#27;[35m[ADB]&amp#27;[39m Killing adb server on port '5037'
[debug] &amp#27;[35m[ADB]&amp#27;[39m Running '/usr/local/Caskroom/android-sdk/4333796/platform-tools/adb -P 5037 kill-server'
[debug] &amp#27;[35m[ADB]&amp#27;[39m Getting connected devices...
[debug] &amp#27;[35m[ADB]&amp#27;[39m No connected devices have been detected
[debug] &amp#27;[35m[ADB]&amp#27;[39m Could not find devices, restarting adb server...
[debug] &amp#27;[35m[ADB]&amp#27;[39m Restarting adb
[debug] &amp#27;[35m[ADB]&amp#27;[39m Killing adb server on port '5037'
[debug] &amp#27;[35m[ADB]&amp#27;[39m Running '/usr/local/Caskroom/android-sdk/4333796/platform-tools/adb -P 5037 kill-server'
[debug] &amp#27;[35m[ADB]&amp#27;[39m Getting connected devices...
[debug] &amp#27;[35m[ADB]&amp#27;[39m No connected devices have been detected
[debug] &amp#27;[35m[ADB]&amp#27;[39m Could not find devices, restarting adb server...
[debug] &amp#27;[35m[ADB]&amp#27;[39m Restarting adb
[debug] &amp#27;[35m[ADB]&amp#27;[39m Killing adb server on port '5037'
[debug] &amp#27;[35m[ADB]&amp#27;[39m Running '/usr/local/Caskroom/android-sdk/4333796/platform-tools/adb -P 5037 kill-server'
[debug] &amp#27;[35m[ADB]&amp#27;[39m Getting connected devices...
[debug] &amp#27;[35m[ADB]&amp#27;[39m No connected devices have been detected
[debug] &amp#27;[35m[ADB]&amp#27;[39m Could not find devices, restarting adb server...
[debug] &amp#27;[35m[ADB]&amp#27;[39m Restarting adb
[debug] &amp#27;[35m[ADB]&amp#27;[39m Killing adb server on port '5037'
[debug] &amp#27;[35m[ADB]&amp#27;[39m Running '/usr/local/Caskroom/android-sdk/4333796/platform-tools/adb -P 5037 kill-server'
[debug] &amp#27;[35m[ADB]&amp#27;[39m Getting connected devices...
[debug] &amp#27;[35m[ADB]&amp#27;[39m No connected devices have been detected
[debug] &amp#27;[35m[ADB]&amp#27;[39m Could not find devices, restarting adb server...
[debug] &amp#27;[35m[ADB]&amp#27;[39m Restarting adb
[debug] &amp#27;[35m[ADB]&amp#27;[39m Killing adb server on port '5037'
[debug] &amp#27;[35m[ADB]&amp#27;[39m Running '/usr/local/Caskroom/android-sdk/4333796/platform-tools/adb -P 5037 kill-server'
[debug] &amp#27;[35m[ADB]&amp#27;[39m Getting connected devices...
[debug] &amp#27;[35m[ADB]&amp#27;[39m No connected devices have been detected
[debug] &amp#27;[35m[ADB]&amp#27;[39m Could not find devices, restarting adb server...
[debug] &amp#27;[35m[ADB]&amp#27;[39m Restarting adb
[debug] &amp#27;[35m[ADB]&amp#27;[39m Killing adb server on port '5037'
[debug] &amp#27;[35m[ADB]&amp#27;[39m Running '/usr/local/Caskroom/android-sdk/4333796/platform-tools/adb -P 5037 kill-server'
[debug] &amp#27;[35m[ADB]&amp#27;[39m Getting connected devices...
[debug] &amp#27;[35m[ADB]&amp#27;[39m No connected devices have been detected
[debug] &amp#27;[35m[ADB]&amp#27;[39m Could not find devices, restarting adb server...
[debug] &amp#27;[35m[ADB]&amp#27;[39m Restarting adb
[debug] &amp#27;[35m[ADB]&amp#27;[39m Killing adb server on port '5037'
[debug] &amp#27;[35m[ADB]&amp#27;[39m Running '/usr/local/Caskroom/android-sdk/4333796/platform-tools/adb -P 5037 kill-server'
[debug] &amp#27;[35m[ADB]&amp#27;[39m Getting connected devices...
[debug] &amp#27;[35m[ADB]&amp#27;[39m No connected devices have been detected
[debug] &amp#27;[35m[ADB]&amp#27;[39m Could not find devices, restarting adb server...
[debug] &amp#27;[35m[ADB]&amp#27;[39m Restarting adb
[debug] &amp#27;[35m[ADB]&amp#27;[39m Killing adb server on port '5037'
[debug] &amp#27;[35m[ADB]&amp#27;[39m Running '/usr/local/Caskroom/android-sdk/4333796/platform-tools/adb -P 5037 kill-server'
[debug] &amp#27;[35m[ADB]&amp#27;[39m Getting connected devices...
[debug] &amp#27;[35m[ADB]&amp#27;[39m No connected devices have been detected
[debug] &amp#27;[35m[ADB]&amp#27;[39m Could not find devices, restarting adb server...
[debug] &amp#27;[35m[ADB]&amp#27;[39m Restarting adb
[debug] &amp#27;[35m[ADB]&amp#27;[39m Killing adb server on port '5037'
[debug] &amp#27;[35m[ADB]&amp#27;[39m Running '/usr/local/Caskroom/android-sdk/4333796/platform-tools/adb -P 5037 kill-server'
[debug] &amp#27;[35m[ADB]&amp#27;[39m Getting connected devices...
[debug] &amp#27;[35m[ADB]&amp#27;[39m No connected devices have been detected
[debug] &amp#27;[35m[ADB]&amp#27;[39m Could not find devices, restarting adb server...
[debug] &amp#27;[35m[ADB]&amp#27;[39m Restarting adb
[debug] &amp#27;[35m[ADB]&amp#27;[39m Killing adb server on port '5037'
[debug] &amp#27;[35m[ADB]&amp#27;[39m Running '/usr/local/Caskroom/android-sdk/4333796/platform-tools/adb -P 5037 kill-server'
[debug] &amp#27;[35m[ADB]&amp#27;[39m Getting connected devices...
[debug] &amp#27;[35m[ADB]&amp#27;[39m No connected devices have been detected
[debug] &amp#27;[35m[ADB]&amp#27;[39m Could not find devices, restarting adb server...
[debug] &amp#27;[35m[ADB]&amp#27;[39m Restarting adb
[debug] &amp#27;[35m[ADB]&amp#27;[39m Killing adb server on port '5037'
[debug] &amp#27;[35m[ADB]&amp#27;[39m Running '/usr/local/Caskroom/android-sdk/4333796/platform-tools/adb -P 5037 kill-server'
[debug] &amp#27;[35m[ADB]&amp#27;[39m Getting connected devices...
[debug] &amp#27;[35m[ADB]&amp#27;[39m No connected devices have been detected
[debug] &amp#27;[35m[ADB]&amp#27;[39m Could not find devices, restarting adb server...
[debug] &amp#27;[35m[ADB]&amp#27;[39m Restarting adb
[debug] &amp#27;[35m[ADB]&amp#27;[39m Killing adb server on port '5037'
[debug] &amp#27;[35m[ADB]&amp#27;[39m Running '/usr/local/Caskroom/android-sdk/4333796/platform-tools/adb -P 5037 kill-server'
[debug] &amp#27;[35m[ADB]&amp#27;[39m Getting connected devices...
[debug] &amp#27;[35m[ADB]&amp#27;[39m No connected devices have been detected
[debug] &amp#27;[35m[ADB]&amp#27;[39m Could not find devices, restarting adb server...
[debug] &amp#27;[35m[ADB]&amp#27;[39m Restarting adb
[debug] &amp#27;[35m[ADB]&amp#27;[39m Killing adb server on port '5037'
[debug] &amp#27;[35m[ADB]&amp#27;[39m Running '/usr/local/Caskroom/android-sdk/4333796/platform-tools/adb -P 5037 kill-server'
[debug] &amp#27;[35m[ADB]&amp#27;[39m Getting connected devices...
[debug] &amp#27;[35m[ADB]&amp#27;[39m No connected devices have been detected
[debug] &amp#27;[35m[ADB]&amp#27;[39m Could not find devices, restarting adb server...
[debug] &amp#27;[35m[ADB]&amp#27;[39m Restarting adb
[debug] &amp#27;[35m[ADB]&amp#27;[39m Killing adb server on port '5037'
[debug] &amp#27;[35m[ADB]&amp#27;[39m Running '/usr/local/Caskroom/android-sdk/4333796/platform-tools/adb -P 5037 kill-server'
[debug] &amp#27;[35m[ADB]&amp#27;[39m Getting connected devices...
[debug] &amp#27;[35m[ADB]&amp#27;[39m No connected devices have been detected
[debug] &amp#27;[35m[ADB]&amp#27;[39m Could not find devices, restarting adb server...
[debug] &amp#27;[35m[ADB]&amp#27;[39m Restarting adb
[debug] &amp#27;[35m[ADB]&amp#27;[39m Killing adb server on port '5037'
[debug] &amp#27;[35m[ADB]&amp#27;[39m Running '/usr/local/Caskroom/android-sdk/4333796/platform-tools/adb -P 5037 kill-server'
[debug] &amp#27;[35m[ADB]&amp#27;[39m Getting connected devices...
[debug] &amp#27;[35m[ADB]&amp#27;[39m No connected devices have been detected
[debug] &amp#27;[35m[ADB]&amp#27;[39m Could not find devices, restarting adb server...
[debug] &amp#27;[35m[ADB]&amp#27;[39m Restarting adb
[debug] &amp#27;[35m[ADB]&amp#27;[39m Killing adb server on port '5037'
[debug] &amp#27;[35m[ADB]&amp#27;[39m Running '/usr/local/Caskroom/android-sdk/4333796/platform-tools/adb -P 5037 kill-server'
[debug] &amp#27;[35m[ADB]&amp#27;[39m Getting connected devices...
[debug] &amp#27;[35m[ADB]&amp#27;[39m No connected devices have been detected
[debug] &amp#27;[35m[ADB]&amp#27;[39m Could not find devices, restarting adb server...
[debug] &amp#27;[35m[ADB]&amp#27;[39m Restarting adb
[debug] &amp#27;[35m[ADB]&amp#27;[39m Killing adb server on port '5037'
[debug] &amp#27;[35m[ADB]&amp#27;[39m Running '/usr/local/Caskroom/android-sdk/4333796/platform-tools/adb -P 5037 kill-server'
[debug] &amp#27;[35m[ADB]&amp#27;[39m Getting connected devices...
[debug] &amp#27;[35m[ADB]&amp#27;[39m No connected devices have been detected
[debug] &amp#27;[35m[ADB]&amp#27;[39m Could not find devices, restarting adb server...
[debug] &amp#27;[35m[ADB]&amp#27;[39m Restarting adb
[debug] &amp#27;[35m[ADB]&amp#27;[39m Killing adb server on port '5037'
[debug] &amp#27;[35m[ADB]&amp#27;[39m Running '/usr/local/Caskroom/android-sdk/4333796/platform-tools/adb -P 5037 kill-server'
[debug] &amp#27;[35m[ADB]&amp#27;[39m Getting connected devices...
[debug] &amp#27;[35m[ADB]&amp#27;[39m No connected devices have been detected
[debug] &amp#27;[35m[ADB]&amp#27;[39m Could not find devices, restarting adb server...
[debug] &amp#27;[35m[ADB]&amp#27;[39m Restarting adb
[debug] &amp#27;[35m[ADB]&amp#27;[39m Killing adb server on port '5037'
[debug] &amp#27;[35m[ADB]&amp#27;[39m Running '/usr/local/Caskroom/android-sdk/4333796/platform-tools/adb -P 5037 kill-server'
[debug] &amp#27;[35m[ADB]&amp#27;[39m Getting connected devices...
[debug] &amp#27;[35m[ADB]&amp#27;[39m No connected devices have been detected
[debug] &amp#27;[35m[ADB]&amp#27;[39m Could not find devices, restarting adb server...
[debug] &amp#27;[35m[ADB]&amp#27;[39m Restarting adb
[debug] &amp#27;[35m[ADB]&amp#27;[39m Killing adb server on port '5037'
[debug] &amp#27;[35m[ADB]&amp#27;[39m Running '/usr/local/Caskroom/android-sdk/4333796/platform-tools/adb -P 5037 kill-server'
[debug] &amp#27;[35m[ADB]&amp#27;[39m Getting connected devices...
[debug] &amp#27;[35m[ADB]&amp#27;[39m No connected devices have been detected
[debug] &amp#27;[35m[ADB]&amp#27;[39m Could not find devices, restarting adb server...
[debug] &amp#27;[35m[ADB]&amp#27;[39m Restarting adb
[debug] &amp#27;[35m[ADB]&amp#27;[39m Killing adb server on port '5037'
[debug] &amp#27;[35m[ADB]&amp#27;[39m Running '/usr/local/Caskroom/android-sdk/4333796/platform-tools/adb -P 5037 kill-server'
[debug] &amp#27;[35m[ADB]&amp#27;[39m Getting connected devices...
[debug] &amp#27;[35m[ADB]&amp#27;[39m No connected devices have been detected
[debug] &amp#27;[35m[ADB]&amp#27;[39m Could not find devices, restarting adb server...
[debug] &amp#27;[35m[ADB]&amp#27;[39m Restarting adb
[debug] &amp#27;[35m[ADB]&amp#27;[39m Killing adb server on port '5037'
[debug] &amp#27;[35m[ADB]&amp#27;[39m Running '/usr/local/Caskroom/android-sdk/4333796/platform-tools/adb -P 5037 kill-server'
[debug] &amp#27;[35m[UiAutomator2]&amp#27;[39m Deleting UiAutomator2 session
[debug] &amp#27;[35m[BaseDriver]&amp#27;[39m Event 'newSessionStarted' logged at 1587700389084 (13:53:09 GMT+1000 (Australian Eastern Standard Time))
[debug] &amp#27;[35m[W3C]&amp#27;[39m Encountered internal error running command: Error: Could not find a connected Android device in 20355ms.
[debug] &amp#27;[35m[W3C]&amp#27;[39m     at getDevices (/Users/asthayvas/.nvm/versions/node/v12.16.0/lib/node_modules/appium/node_modules/appium-adb/lib/tools/system-calls.js:211:13)
[debug] &amp#27;[35m[W3C]&amp#27;[39m     at getDevices (/Users/asthayvas/.nvm/versions/node/v12.16.0/lib/node_modules/appium/node_modules/appium-adb/lib/tools/system-calls.js:224:18)
[debug] &amp#27;[35m[W3C]&amp#27;[39m     at getDevices (/Users/asthayvas/.nvm/versions/node/v12.16.0/lib/node_modules/appium/node_modules/appium-adb/lib/tools/system-calls.js:224:12)
[debug] &amp#27;[35m[W3C]&amp#27;[39m     at getDevices (/Users/asthayvas/.nvm/versions/node/v12.16.0/lib/node_modules/appium/node_modules/appium-adb/lib/tools/system-calls.js:224:12)
[debug] &amp#27;[35m[W3C]&amp#27;[39m     at getDevices (/Users/asthayvas/.nvm/versions/node/v12.16.0/lib/node_modules/appium/node_modules/appium-adb/lib/tools/system-calls.js:224:12)
[debug] &amp#27;[35m[W3C]&amp#27;[39m     at getDevices (/Users/asthayvas/.nvm/versions/node/v12.16.0/lib/node_modules/appium/node_modules/appium-adb/lib/tools/system-calls.js:224:12)
[debug] &amp#27;[35m[W3C]&amp#27;[39m     at getDevices (/Users/asthayvas/.nvm/versions/node/v12.16.0/lib/node_modules/appium/node_modules/appium-adb/lib/tools/system-calls.js:224:12)
[debug] &amp#27;[35m[W3C]&amp#27;[39m     at getDevices (/Users/asthayvas/.nvm/versions/node/v12.16.0/lib/node_modules/appium/node_modules/appium-adb/lib/tools/system-calls.js:224:12)
[debug] &amp#27;[35m[W3C]&amp#27;[39m     at getDevices (/Users/asthayvas/.nvm/versions/node/v12.16.0/lib/node_modules/appium/node_modules/appium-adb/lib/tools/system-calls.js:224:12)
[debug] &amp#27;[35m[W3C]&amp#27;[39m     at getDevices (/Users/asthayvas/.nvm/versions/node/v12.16.0/lib/node_modules/appium/node_modules/appium-adb/lib/tools/system-calls.js:224:12)
[debug] &amp#27;[35m[W3C]&amp#27;[39m     at getDevices (/Users/asthayvas/.nvm/versions/node/v12.16.0/lib/node_modules/appium/node_modules/appium-adb/lib/tools/system-calls.js:224:12)
[debug] &amp#27;[35m[W3C]&amp#27;[39m     at getDevices (/Users/asthayvas/.nvm/versions/node/v12.16.0/lib/node_modules/appium/node_modules/appium-adb/lib/tools/system-calls.js:224:12)
[debug] &amp#27;[35m[W3C]&amp#27;[39m     at getDevices (/Users/asthayvas/.nvm/versions/node/v12.16.0/lib/node_modules/appium/node_modules/appium-adb/lib/tools/system-calls.js:224:12)
[debug] &amp#27;[35m[W3C]&amp#27;[39m     at getDevices (/Users/asthayvas/.nvm/versions/node/v12.16.0/lib/node_modules/appium/node_modules/appium-adb/lib/tools/system-calls.js:224:12)
[debug] &amp#27;[35m[W3C]&amp#27;[39m     at getDevices (/Users/asthayvas/.nvm/versions/node/v12.16.0/lib/node_modules/appium/node_modules/appium-adb/lib/tools/system-calls.js:224:12)
[debug] &amp#27;[35m[W3C]&amp#27;[39m     at getDevices (/Users/asthayvas/.nvm/versions/node/v12.16.0/lib/node_modules/appium/node_modules/appium-adb/lib/tools/system-calls.js:224:12)
[debug] &amp#27;[35m[W3C]&amp#27;[39m     at getDevices (/Users/asthayvas/.nvm/versions/node/v12.16.0/lib/node_modules/appium/node_modules/appium-adb/lib/tools/system-calls.js:224:12)
[debug] &amp#27;[35m[W3C]&amp#27;[39m     at getDevices (/Users/asthayvas/.nvm/versions/node/v12.16.0/lib/node_modules/appium/node_modules/appium-adb/lib/tools/system-calls.js:224:12)
[debug] &amp#27;[35m[W3C]&amp#27;[39m     at getDevices (/Users/asthayvas/.nvm/versions/node/v12.16.0/lib/node_modules/appium/node_modules/appium-adb/lib/tools/system-calls.js:224:12)
[debug] &amp#27;[35m[W3C]&amp#27;[39m     at getDevices (/Users/asthayvas/.nvm/versions/node/v12.16.0/lib/node_modules/appium/node_modules/appium-adb/lib/tools/system-calls.js:224:12)
[debug] &amp#27;[35m[W3C]&amp#27;[39m     at getDevices (/Users/asthayvas/.nvm/versions/node/v12.16.0/lib/node_modules/appium/node_modules/appium-adb/lib/tools/system-calls.js:224:12)
[debug] &amp#27;[35m[W3C]&amp#27;[39m     at getDevices (/Users/asthayvas/.nvm/versions/node/v12.16.0/lib/node_modules/appium/node_modules/appium-adb/lib/tools/system-calls.js:224:12)
[debug] &amp#27;[35m[W3C]&amp#27;[39m Destroying socket connection
&amp#27;[35m[HTTP]&amp#27;[39m &amp#27;[37m<-- POST /wd/hub/session &amp#27;[39m&amp#27;[31m500&amp#27;[39m &amp#27;[90m21055 ms - 671&amp#27;[39m
&amp#27;[35m[HTTP]&amp#27;[39m &amp#27;[90m&amp#27;[39m
&amp#27;[35m[HTTP]&amp#27;[39m &amp#27;[37m-->&amp#27;[39m &amp#27;[37mPOST&amp#27;[39m &amp#27;[37m/wd/hub/session&amp#27;[39m
&amp#27;[35m[HTTP]&amp#27;[39m &amp#27;[90m{"desiredCapabilities":{"app":"/Users/asthayvas/eclipse-workspace/EcommerceTests/app/Amazon_shopping.apk","appActivity":"com.amazon.mShop.splashscreen.StartupActivity","appPackage":"com.amazon.mShop.android.shopping","orientation":"PORTRAIT","platformVersion":"9.0","platformName":"Android","deviceName":"e99d0731","fullReset":"true"},"capabilities":{"firstMatch":[{"appium:app":"/Users/asthayvas/eclipse-workspace/EcommerceTests/app/Amazon_shopping.apk","appium:appActivity":"com.amazon.mShop.splashscreen.StartupActivity","appium:appPackage":"com.amazon.mShop.android.shopping","appium:deviceName":"e99d0731","appium:fullReset":"true","appium:orientation":"PORTRAIT","platformName":"android","appium:platformVersion":"9.0"}]}}&amp#27;[39m
[debug] &amp#27;[35m[W3C]&amp#27;[39m Calling AppiumDriver.createSession() with args: [{"app":"/Users/asthayvas/eclipse-workspace/EcommerceTests/app/Amazon_shopping.apk","appActivity":"com.amazon.mShop.splashscreen.StartupActivity","appPackage":"com.amazon.mShop.android.shopping","orientation":"PORTRAIT","platformVersion":"9.0","platformName":"Android","deviceName":"e99d0731","fullReset":"true"},null,{"firstMatch":[{"appium:app":"/Users/asthayvas/eclipse-workspace/EcommerceTests/app/Amazon_shopping.apk","appium:appActivity":"com.amazon.mShop.splashscreen.StartupActivity","appium:appPackage":"com.amazon.mShop.android.shopping","appium:deviceName":"e99d0731","appium:fullReset":"true","appium:orientation":"PORTRAIT","platformName":"android","appium:platformVersion":"9.0"}]}]
[debug] &amp#27;[35m[BaseDriver]&amp#27;[39m Event 'newSessionRequested' logged at 1587700389230 (13:53:09 GMT+1000 (Australian Eastern Standard Time))
&amp#27;[35m[Appium]&amp#27;[39m 
&amp#27;[35m[Appium]&amp#27;[39m ======================================================================
&amp#27;[35m[Appium]&amp#27;[39m   DEPRECATION WARNING:
&amp#27;[35m[Appium]&amp#27;[39m 
&amp#27;[35m[Appium]&amp#27;[39m   The 'automationName' capability was not provided in the desired 
&amp#27;[35m[Appium]&amp#27;[39m   capabilities for this Android session
&amp#27;[35m[Appium]&amp#27;[39m 
&amp#27;[35m[Appium]&amp#27;[39m   Setting 'automationName=UiAutomator2' by default and using the 
&amp#27;[35m[Appium]&amp#27;[39m   UiAutomator2 Driver
&amp#27;[35m[Appium]&amp#27;[39m 
&amp#27;[35m[Appium]&amp#27;[39m   The next major version of Appium (2.x) will **require** the 
&amp#27;[35m[Appium]&amp#27;[39m   'automationName' capability to be set for all sessions on all 
&amp#27;[35m[Appium]&amp#27;[39m   platforms
&amp#27;[35m[Appium]&amp#27;[39m 
&amp#27;[35m[Appium]&amp#27;[39m   In previous versions (Appium <= 1.13.x), the default was 
&amp#27;[35m[Appium]&amp#27;[39m   'automationName=UiAutomator1'
&amp#27;[35m[Appium]&amp#27;[39m 
&amp#27;[35m[Appium]&amp#27;[39m   If you wish to use that automation instead of UiAutomator2, please 
&amp#27;[35m[Appium]&amp#27;[39m   add 'automationName=UiAutomator1' to your desired capabilities
&amp#27;[35m[Appium]&amp#27;[39m 
&amp#27;[35m[Appium]&amp#27;[39m   For more information about drivers, please visit 
&amp#27;[35m[Appium]&amp#27;[39m   http://appium.io/docs/en/about-appium/intro/ and explore the 
&amp#27;[35m[Appium]&amp#27;[39m   'Drivers' menu
&amp#27;[35m[Appium]&amp#27;[39m 
&amp#27;[35m[Appium]&amp#27;[39m ======================================================================
&amp#27;[35m[Appium]&amp#27;[39m 
&amp#27;[35m[Appium]&amp#27;[39m Appium v1.17.0 creating new AndroidUiautomator2Driver (v1.44.2) session
&amp#27;[35m[Appium]&amp#27;[39m Explicitly enabling use of insecure features:
&amp#27;[35m[Appium]&amp#27;[39m     chromedriver_autodownload
[debug] &amp#27;[35m[BaseDriver]&amp#27;[39m W3C capabilities and MJSONWP desired capabilities were provided
[debug] &amp#27;[35m[BaseDriver]&amp#27;[39m Creating session with W3C capabilities: {
[debug] &amp#27;[35m[BaseDriver]&amp#27;[39m   "alwaysMatch": {
[debug] &amp#27;[35m[BaseDriver]&amp#27;[39m     "platformName": "android",
[debug] &amp#27;[35m[BaseDriver]&amp#27;[39m     "appium:app": "/Users/asthayvas/eclipse-workspace/EcommerceTests/app/Amazon_shopping.apk",
[debug] &amp#27;[35m[BaseDriver]&amp#27;[39m     "appium:appActivity": "com.amazon.mShop.splashscreen.StartupActivity",
[debug] &amp#27;[35m[BaseDriver]&amp#27;[39m     "appium:appPackage": "com.amazon.mShop.android.shopping",
[debug] &amp#27;[35m[BaseDriver]&amp#27;[39m     "appium:deviceName": "e99d0731",
[debug] &amp#27;[35m[BaseDriver]&amp#27;[39m     "appium:fullReset": "true",
[debug] &amp#27;[35m[BaseDriver]&amp#27;[39m     "appium:orientation": "PORTRAIT",
[debug] &amp#27;[35m[BaseDriver]&amp#27;[39m     "appium:platformVersion": "9.0"
[debug] &amp#27;[35m[BaseDriver]&amp#27;[39m   },
[debug] &amp#27;[35m[BaseDriver]&amp#27;[39m   "firstMatch": [
[debug] &amp#27;[35m[BaseDriver]&amp#27;[39m     {}
[debug] &amp#27;[35m[BaseDriver]&amp#27;[39m   ]
[debug] &amp#27;[35m[BaseDriver]&amp#27;[39m }
&amp#27;[35m[BaseDriver]&amp#27;[39m Capability 'fullReset' changed from string to boolean. This may cause unexpected behavior
&amp#27;[35m[BaseDriver]&amp#27;[39m Session created with session id: 3a434b2c-228c-42a9-ab54-9c2228c4b0ac
&amp#27;[35m[BaseDriver]&amp#27;[39m Using local app '/Users/asthayvas/eclipse-workspace/EcommerceTests/app/Amazon_shopping.apk'
[debug] &amp#27;[35m[UiAutomator2]&amp#27;[39m Checking whether app is actually present
&amp#27;[35m[ADB]&amp#27;[39m Using 'adb' from '/usr/local/Caskroom/android-sdk/4333796/platform-tools/adb'
&amp#27;[35m[AndroidDriver]&amp#27;[39m Retrieving device list
[debug] &amp#27;[35m[ADB]&amp#27;[39m Trying to find a connected android device
[debug] &amp#27;[35m[ADB]&amp#27;[39m Getting connected devices...
[debug] &amp#27;[35m[ADB]&amp#27;[39m No connected devices have been detected
[debug] &amp#27;[35m[ADB]&amp#27;[39m Could not find devices, restarting adb server...
[debug] &amp#27;[35m[ADB]&amp#27;[39m Restarting adb
[debug] &amp#27;[35m[ADB]&amp#27;[39m Killing adb server on port '5037'
[debug] &amp#27;[35m[ADB]&amp#27;[39m Running '/usr/local/Caskroom/android-sdk/4333796/platform-tools/adb -P 5037 kill-server'
[debug] &amp#27;[35m[ADB]&amp#27;[39m Getting connected devices...
[debug] &amp#27;[35m[ADB]&amp#27;[39m No connected devices have been detected
[debug] &amp#27;[35m[ADB]&amp#27;[39m Could not find devices, restarting adb server...
[debug] &amp#27;[35m[ADB]&amp#27;[39m Restarting adb
[debug] &amp#27;[35m[ADB]&amp#27;[39m Killing adb server on port '5037'
[debug] &amp#27;[35m[ADB]&amp#27;[39m Running '/usr/local/Caskroom/android-sdk/4333796/platform-tools/adb -P 5037 kill-server'
[debug] &amp#27;[35m[ADB]&amp#27;[39m Getting connected devices...
[debug] &amp#27;[35m[ADB]&amp#27;[39m No connected devices have been detected
[debug] &amp#27;[35m[ADB]&amp#27;[39m Could not find devices, restarting adb server...
[debug] &amp#27;[35m[ADB]&amp#27;[39m Restarting adb
[debug] &amp#27;[35m[ADB]&amp#27;[39m Killing adb server on port '5037'
[debug] &amp#27;[35m[ADB]&amp#27;[39m Running '/usr/local/Caskroom/android-sdk/4333796/platform-tools/adb -P 5037 kill-server'
[debug] &amp#27;[35m[ADB]&amp#27;[39m Getting connected devices...
[debug] &amp#27;[35m[ADB]&amp#27;[39m No connected devices have been detected
[debug] &amp#27;[35m[ADB]&amp#27;[39m Could not find devices, restarting adb server...
[debug] &amp#27;[35m[ADB]&amp#27;[39m Restarting adb
[debug] &amp#27;[35m[ADB]&amp#27;[39m Killing adb server on port '5037'
[debug] &amp#27;[35m[ADB]&amp#27;[39m Running '/usr/local/Caskroom/android-sdk/4333796/platform-tools/adb -P 5037 kill-server'
[debug] &amp#27;[35m[ADB]&amp#27;[39m Getting connected devices...
[debug] &amp#27;[35m[ADB]&amp#27;[39m No connected devices have been detected
[debug] &amp#27;[35m[ADB]&amp#27;[39m Could not find devices, restarting adb server...
[debug] &amp#27;[35m[ADB]&amp#27;[39m Restarting adb
[debug] &amp#27;[35m[ADB]&amp#27;[39m Killing adb server on port '5037'
[debug] &amp#27;[35m[ADB]&amp#27;[39m Running '/usr/local/Caskroom/android-sdk/4333796/platform-tools/adb -P 5037 kill-server'
[debug] &amp#27;[35m[ADB]&amp#27;[39m Getting connected devices...
[debug] &amp#27;[35m[ADB]&amp#27;[39m No connected devices have been detected
[debug] &amp#27;[35m[ADB]&amp#27;[39m Could not find devices, restarting adb server...
[debug] &amp#27;[35m[ADB]&amp#27;[39m Restarting adb
[debug] &amp#27;[35m[ADB]&amp#27;[39m Killing adb server on port '5037'
[debug] &amp#27;[35m[ADB]&amp#27;[39m Running '/usr/local/Caskroom/android-sdk/4333796/platform-tools/adb -P 5037 kill-server'
[debug] &amp#27;[35m[ADB]&amp#27;[39m Getting connected devices...
[debug] &amp#27;[35m[ADB]&amp#27;[39m No connected devices have been detected
[debug] &amp#27;[35m[ADB]&amp#27;[39m Could not find devices, restarting adb server...
[debug] &amp#27;[35m[ADB]&amp#27;[39m Restarting adb
[debug] &amp#27;[35m[ADB]&amp#27;[39m Killing adb server on port '5037'
[debug] &amp#27;[35m[ADB]&amp#27;[39m Running '/usr/local/Caskroom/android-sdk/4333796/platform-tools/adb -P 5037 kill-server'
[debug] &amp#27;[35m[ADB]&amp#27;[39m Getting connected devices...
[debug] &amp#27;[35m[ADB]&amp#27;[39m No connected devices have been detected
[debug] &amp#27;[35m[ADB]&amp#27;[39m Could not find devices, restarting adb server...
[debug] &amp#27;[35m[ADB]&amp#27;[39m Restarting adb
[debug] &amp#27;[35m[ADB]&amp#27;[39m Killing adb server on port '5037'
[debug] &amp#27;[35m[ADB]&amp#27;[39m Running '/usr/local/Caskroom/android-sdk/4333796/platform-tools/adb -P 5037 kill-server'
[debug] &amp#27;[35m[ADB]&amp#27;[39m Getting connected devices...
[debug] &amp#27;[35m[ADB]&amp#27;[39m No connected devices have been detected
[debug] &amp#27;[35m[ADB]&amp#27;[39m Could not find devices, restarting adb server...
[debug] &amp#27;[35m[ADB]&amp#27;[39m Restarting adb
[debug] &amp#27;[35m[ADB]&amp#27;[39m Killing adb server on port '5037'
[debug] &amp#27;[35m[ADB]&amp#27;[39m Running '/usr/local/Caskroom/android-sdk/4333796/platform-tools/adb -P 5037 kill-server'
[debug] &amp#27;[35m[ADB]&amp#27;[39m Getting connected devices...
[debug] &amp#27;[35m[ADB]&amp#27;[39m No connected devices have been detected
[debug] &amp#27;[35m[ADB]&amp#27;[39m Could not find devices, restarting adb server...
[debug] &amp#27;[35m[ADB]&amp#27;[39m Restarting adb
[debug] &amp#27;[35m[ADB]&amp#27;[39m Killing adb server on port '5037'
[debug] &amp#27;[35m[ADB]&amp#27;[39m Running '/usr/local/Caskroom/android-sdk/4333796/platform-tools/adb -P 5037 kill-server'
[debug] &amp#27;[35m[ADB]&amp#27;[39m Getting connected devices...
[debug] &amp#27;[35m[ADB]&amp#27;[39m No connected devices have been detected
[debug] &amp#27;[35m[ADB]&amp#27;[39m Could not find devices, restarting adb server...
[debug] &amp#27;[35m[ADB]&amp#27;[39m Restarting adb
[debug] &amp#27;[35m[ADB]&amp#27;[39m Killing adb server on port '5037'
[debug] &amp#27;[35m[ADB]&amp#27;[39m Running '/usr/local/Caskroom/android-sdk/4333796/platform-tools/adb -P 5037 kill-server'
[debug] &amp#27;[35m[ADB]&amp#27;[39m Getting connected devices...
[debug] &amp#27;[35m[ADB]&amp#27;[39m No connected devices have been detected
[debug] &amp#27;[35m[ADB]&amp#27;[39m Could not find devices, restarting adb server...
[debug] &amp#27;[35m[ADB]&amp#27;[39m Restarting adb
[debug] &amp#27;[35m[ADB]&amp#27;[39m Killing adb server on port '5037'
[debug] &amp#27;[35m[ADB]&amp#27;[39m Running '/usr/local/Caskroom/android-sdk/4333796/platform-tools/adb -P 5037 kill-server'
[debug] &amp#27;[35m[ADB]&amp#27;[39m Getting connected devices...
[debug] &amp#27;[35m[ADB]&amp#27;[39m No connected devices have been detected
[debug] &amp#27;[35m[ADB]&amp#27;[39m Could not find devices, restarting adb server...
[debug] &amp#27;[35m[ADB]&amp#27;[39m Restarting adb
[debug] &amp#27;[35m[ADB]&amp#27;[39m Killing adb server on port '5037'
[debug] &amp#27;[35m[ADB]&amp#27;[39m Running '/usr/local/Caskroom/android-sdk/4333796/platform-tools/adb -P 5037 kill-server'
[debug] &amp#27;[35m[ADB]&amp#27;[39m Getting connected devices...
[debug] &amp#27;[35m[ADB]&amp#27;[39m No connected devices have been detected
[debug] &amp#27;[35m[ADB]&amp#27;[39m Could not find devices, restarting adb server...
[debug] &amp#27;[35m[ADB]&amp#27;[39m Restarting adb
[debug] &amp#27;[35m[ADB]&amp#27;[39m Killing adb server on port '5037'
[debug] &amp#27;[35m[ADB]&amp#27;[39m Running '/usr/local/Caskroom/android-sdk/4333796/platform-tools/adb -P 5037 kill-server'
[debug] &amp#27;[35m[ADB]&amp#27;[39m Getting connected devices...
[debug] &amp#27;[35m[ADB]&amp#27;[39m No connected devices have been detected
[debug] &amp#27;[35m[ADB]&amp#27;[39m Could not find devices, restarting adb server...
[debug] &amp#27;[35m[ADB]&amp#27;[39m Restarting adb
[debug] &amp#27;[35m[ADB]&amp#27;[39m Killing adb server on port '5037'
[debug] &amp#27;[35m[ADB]&amp#27;[39m Running '/usr/local/Caskroom/android-sdk/4333796/platform-tools/adb -P 5037 kill-server'
[debug] &amp#27;[35m[ADB]&amp#27;[39m Getting connected devices...
[debug] &amp#27;[35m[ADB]&amp#27;[39m No connected devices have been detected
[debug] &amp#27;[35m[ADB]&amp#27;[39m Could not find devices, restarting adb server...
[debug] &amp#27;[35m[ADB]&amp#27;[39m Restarting adb
[debug] &amp#27;[35m[ADB]&amp#27;[39m Killing adb server on port '5037'
[debug] &amp#27;[35m[ADB]&amp#27;[39m Running '/usr/local/Caskroom/android-sdk/4333796/platform-tools/adb -P 5037 kill-server'
[debug] &amp#27;[35m[ADB]&amp#27;[39m Getting connected devices...
[debug] &amp#27;[35m[ADB]&amp#27;[39m No connected devices have been detected
[debug] &amp#27;[35m[ADB]&amp#27;[39m Could not find devices, restarting adb server...
[debug] &amp#27;[35m[ADB]&amp#27;[39m Restarting adb
[debug] &amp#27;[35m[ADB]&amp#27;[39m Killing adb server on port '5037'
[debug] &amp#27;[35m[ADB]&amp#27;[39m Running '/usr/local/Caskroom/android-sdk/4333796/platform-tools/adb -P 5037 kill-server'
[debug] &amp#27;[35m[ADB]&amp#27;[39m Getting connected devices...
[debug] &amp#27;[35m[ADB]&amp#27;[39m No connected devices have been detected
[debug] &amp#27;[35m[ADB]&amp#27;[39m Could not find devices, restarting adb server...
[debug] &amp#27;[35m[ADB]&amp#27;[39m Restarting adb
[debug] &amp#27;[35m[ADB]&amp#27;[39m Killing adb server on port '5037'
[debug] &amp#27;[35m[ADB]&amp#27;[39m Running '/usr/local/Caskroom/android-sdk/4333796/platform-tools/adb -P 5037 kill-server'
[debug] &amp#27;[35m[ADB]&amp#27;[39m Getting connected devices...
[debug] &amp#27;[35m[ADB]&amp#27;[39m No connected devices have been detected
[debug] &amp#27;[35m[ADB]&amp#27;[39m Could not find devices, restarting adb server...
[debug] &amp#27;[35m[ADB]&amp#27;[39m Restarting adb
[debug] &amp#27;[35m[ADB]&amp#27;[39m Killing adb server on port '5037'
[debug] &amp#27;[35m[ADB]&amp#27;[39m Running '/usr/local/Caskroom/android-sdk/4333796/platform-tools/adb -P 5037 kill-server'
[debug] &amp#27;[35m[ADB]&amp#27;[39m Getting connected devices...
[debug] &amp#27;[35m[ADB]&amp#27;[39m No connected devices have been detected
[debug] &amp#27;[35m[ADB]&amp#27;[39m Could not find devices, restarting adb server...
[debug] &amp#27;[35m[ADB]&amp#27;[39m Restarting adb
[debug] &amp#27;[35m[ADB]&amp#27;[39m Killing adb server on port '5037'
[debug] &amp#27;[35m[ADB]&amp#27;[39m Running '/usr/local/Caskroom/android-sdk/4333796/platform-tools/adb -P 5037 kill-server'
[debug] &amp#27;[35m[ADB]&amp#27;[39m Getting connected devices...
[debug] &amp#27;[35m[ADB]&amp#27;[39m No connected devices have been detected
[debug] &amp#27;[35m[ADB]&amp#27;[39m Could not find devices, restarting adb server...
[debug] &amp#27;[35m[ADB]&amp#27;[39m Restarting adb
[debug] &amp#27;[35m[ADB]&amp#27;[39m Killing adb server on port '5037'
[debug] &amp#27;[35m[ADB]&amp#27;[39m Running '/usr/local/Caskroom/android-sdk/4333796/platform-tools/adb -P 5037 kill-server'
[debug] &amp#27;[35m[ADB]&amp#27;[39m Getting connected devices...
[debug] &amp#27;[35m[ADB]&amp#27;[39m No connected devices have been detected
[debug] &amp#27;[35m[ADB]&amp#27;[39m Could not find devices, restarting adb server...
[debug] &amp#27;[35m[ADB]&amp#27;[39m Restarting adb
[debug] &amp#27;[35m[ADB]&amp#27;[39m Killing adb server on port '5037'
[debug] &amp#27;[35m[ADB]&amp#27;[39m Running '/usr/local/Caskroom/android-sdk/4333796/platform-tools/adb -P 5037 kill-server'
[debug] &amp#27;[35m[ADB]&amp#27;[39m Getting connected devices...
[debug] &amp#27;[35m[ADB]&amp#27;[39m No connected devices have been detected
[debug] &amp#27;[35m[ADB]&amp#27;[39m Could not find devices, restarting adb server...
[debug] &amp#27;[35m[ADB]&amp#27;[39m Restarting adb
[debug] &amp#27;[35m[ADB]&amp#27;[39m Killing adb server on port '5037'
[debug] &amp#27;[35m[ADB]&amp#27;[39m Running '/usr/local/Caskroom/android-sdk/4333796/platform-tools/adb -P 5037 kill-server'
[debug] &amp#27;[35m[ADB]&amp#27;[39m Getting connected devices...
[debug] &amp#27;[35m[ADB]&amp#27;[39m No connected devices have been detected
[debug] &amp#27;[35m[ADB]&amp#27;[39m Could not find devices, restarting adb server...
[debug] &amp#27;[35m[ADB]&amp#27;[39m Restarting adb
[debug] &amp#27;[35m[ADB]&amp#27;[39m Killing adb server on port '5037'
[debug] &amp#27;[35m[ADB]&amp#27;[39m Running '/usr/local/Caskroom/android-sdk/4333796/platform-tools/adb -P 5037 kill-server'
[debug] &amp#27;[35m[ADB]&amp#27;[39m Getting connected devices...
[debug] &amp#27;[35m[ADB]&amp#27;[39m No connected devices have been detected
[debug] &amp#27;[35m[ADB]&amp#27;[39m Could not find devices, restarting adb server...
[debug] &amp#27;[35m[ADB]&amp#27;[39m Restarting adb
[debug] &amp#27;[35m[ADB]&amp#27;[39m Killing adb server on port '5037'
[debug] &amp#27;[35m[ADB]&amp#27;[39m Running '/usr/local/Caskroom/android-sdk/4333796/platform-tools/adb -P 5037 kill-server'
[debug] &amp#27;[35m[ADB]&amp#27;[39m Getting connected devices...
[debug] &amp#27;[35m[ADB]&amp#27;[39m No connected devices have been detected
[debug] &amp#27;[35m[ADB]&amp#27;[39m Could not find devices, restarting adb server...
[debug] &amp#27;[35m[ADB]&amp#27;[39m Restarting adb
[debug] &amp#27;[35m[ADB]&amp#27;[39m Killing adb server on port '5037'
[debug] &amp#27;[35m[ADB]&amp#27;[39m Running '/usr/local/Caskroom/android-sdk/4333796/platform-tools/adb -P 5037 kill-server'
[debug] &amp#27;[35m[ADB]&amp#27;[39m Getting connected devices...
[debug] &amp#27;[35m[ADB]&amp#27;[39m No connected devices have been detected
[debug] &amp#27;[35m[ADB]&amp#27;[39m Could not find devices, restarting adb server...
[debug] &amp#27;[35m[ADB]&amp#27;[39m Restarting adb
[debug] &amp#27;[35m[ADB]&amp#27;[39m Killing adb server on port '5037'
[debug] &amp#27;[35m[ADB]&amp#27;[39m Running '/usr/local/Caskroom/android-sdk/4333796/platform-tools/adb -P 5037 kill-server'
[debug] &amp#27;[35m[ADB]&amp#27;[39m Getting connected devices...
[debug] &amp#27;[35m[ADB]&amp#27;[39m No connected devices have been detected
[debug] &amp#27;[35m[ADB]&amp#27;[39m Could not find devices, restarting adb server...
[debug] &amp#27;[35m[ADB]&amp#27;[39m Restarting adb
[debug] &amp#27;[35m[ADB]&amp#27;[39m Killing adb server on port '5037'
[debug] &amp#27;[35m[ADB]&amp#27;[39m Running '/usr/local/Caskroom/android-sdk/4333796/platform-tools/adb -P 5037 kill-server'
[debug] &amp#27;[35m[ADB]&amp#27;[39m Getting connected devices...
[debug] &amp#27;[35m[ADB]&amp#27;[39m No connected devices have been detected
[debug] &amp#27;[35m[ADB]&amp#27;[39m Could not find devices, restarting adb server...
[debug] &amp#27;[35m[ADB]&amp#27;[39m Restarting adb
[debug] &amp#27;[35m[ADB]&amp#27;[39m Killing adb server on port '5037'
[debug] &amp#27;[35m[ADB]&amp#27;[39m Running '/usr/local/Caskroom/android-sdk/4333796/platform-tools/adb -P 5037 kill-server'
[debug] &amp#27;[35m[ADB]&amp#27;[39m Getting connected devices...
[debug] &amp#27;[35m[ADB]&amp#27;[39m No connected devices have been detected
[debug] &amp#27;[35m[ADB]&amp#27;[39m Could not find devices, restarting adb server...
[debug] &amp#27;[35m[ADB]&amp#27;[39m Restarting adb
[debug] &amp#27;[35m[ADB]&amp#27;[39m Killing adb server on port '5037'
[debug] &amp#27;[35m[ADB]&amp#27;[39m Running '/usr/local/Caskroom/android-sdk/4333796/platform-tools/adb -P 5037 kill-server'
[debug] &amp#27;[35m[ADB]&amp#27;[39m Getting connected devices...
[debug] &amp#27;[35m[ADB]&amp#27;[39m No connected devices have been detected
[debug] &amp#27;[35m[ADB]&amp#27;[39m Could not find devices, restarting adb server...
[debug] &amp#27;[35m[ADB]&amp#27;[39m Restarting adb
[debug] &amp#27;[35m[ADB]&amp#27;[39m Killing adb server on port '5037'
[debug] &amp#27;[35m[ADB]&amp#27;[39m Running '/usr/local/Caskroom/android-sdk/4333796/platform-tools/adb -P 5037 kill-server'
[debug] &amp#27;[35m[ADB]&amp#27;[39m Getting connected devices...
[debug] &amp#27;[35m[ADB]&amp#27;[39m No connected devices have been detected
[debug] &amp#27;[35m[ADB]&amp#27;[39m Could not find devices, restarting adb server...
[debug] &amp#27;[35m[ADB]&amp#27;[39m Restarting adb
[debug] &amp#27;[35m[ADB]&amp#27;[39m Killing adb server on port '5037'
[debug] &amp#27;[35m[ADB]&amp#27;[39m Running '/usr/local/Caskroom/android-sdk/4333796/platform-tools/adb -P 5037 kill-server'
[debug] &amp#27;[35m[ADB]&amp#27;[39m Getting connected devices...
[debug] &amp#27;[35m[ADB]&amp#27;[39m No connected devices have been detected
[debug] &amp#27;[35m[ADB]&amp#27;[39m Could not find devices, restarting adb server...
[debug] &amp#27;[35m[ADB]&amp#27;[39m Restarting adb
[debug] &amp#27;[35m[ADB]&amp#27;[39m Killing adb server on port '5037'
[debug] &amp#27;[35m[ADB]&amp#27;[39m Running '/usr/local/Caskroom/android-sdk/4333796/platform-tools/adb -P 5037 kill-server'
[debug] &amp#27;[35m[ADB]&amp#27;[39m Getting connected devices...
[debug] &amp#27;[35m[ADB]&amp#27;[39m No connected devices have been detected
[debug] &amp#27;[35m[ADB]&amp#27;[39m Could not find devices, restarting adb server...
[debug] &amp#27;[35m[ADB]&amp#27;[39m Restarting adb
[debug] &amp#27;[35m[ADB]&amp#27;[39m Killing adb server on port '5037'
[debug] &amp#27;[35m[ADB]&amp#27;[39m Running '/usr/local/Caskroom/android-sdk/4333796/platform-tools/adb -P 5037 kill-server'
[debug] &amp#27;[35m[ADB]&amp#27;[39m Getting connected devices...
[debug] &amp#27;[35m[ADB]&amp#27;[39m No connected devices have been detected
[debug] &amp#27;[35m[ADB]&amp#27;[39m Could not find devices, restarting adb server...
[debug] &amp#27;[35m[ADB]&amp#27;[39m Restarting adb
[debug] &amp#27;[35m[ADB]&amp#27;[39m Killing adb server on port '5037'
[debug] &amp#27;[35m[ADB]&amp#27;[39m Running '/usr/local/Caskroom/android-sdk/4333796/platform-tools/adb -P 5037 kill-server'
[debug] &amp#27;[35m[ADB]&amp#27;[39m Getting connected devices...
[debug] &amp#27;[35m[ADB]&amp#27;[39m No connected devices have been detected
[debug] &amp#27;[35m[ADB]&amp#27;[39m Could not find devices, restarting adb server...
[debug] &amp#27;[35m[ADB]&amp#27;[39m Restarting adb
[debug] &amp#27;[35m[ADB]&amp#27;[39m Killing adb server on port '5037'
[debug] &amp#27;[35m[ADB]&amp#27;[39m Running '/usr/local/Caskroom/android-sdk/4333796/platform-tools/adb -P 5037 kill-server'
[debug] &amp#27;[35m[ADB]&amp#27;[39m Getting connected devices...
[debug] &amp#27;[35m[ADB]&amp#27;[39m No connected devices have been detected
[debug] &amp#27;[35m[ADB]&amp#27;[39m Could not find devices, restarting adb server...
[debug] &amp#27;[35m[ADB]&amp#27;[39m Restarting adb
[debug] &amp#27;[35m[ADB]&amp#27;[39m Killing adb server on port '5037'
[debug] &amp#27;[35m[ADB]&amp#27;[39m Running '/usr/local/Caskroom/android-sdk/4333796/platform-tools/adb -P 5037 kill-server'
[debug] &amp#27;[35m[ADB]&amp#27;[39m Getting connected devices...
[debug] &amp#27;[35m[ADB]&amp#27;[39m No connected devices have been detected
[debug] &amp#27;[35m[ADB]&amp#27;[39m Could not find devices, restarting adb server...
[debug] &amp#27;[35m[ADB]&amp#27;[39m Restarting adb
[debug] &amp#27;[35m[ADB]&amp#27;[39m Killing adb server on port '5037'
[debug] &amp#27;[35m[ADB]&amp#27;[39m Running '/usr/local/Caskroom/android-sdk/4333796/platform-tools/adb -P 5037 kill-server'
[debug] &amp#27;[35m[ADB]&amp#27;[39m Getting connected devices...
[debug] &amp#27;[35m[ADB]&amp#27;[39m No connected devices have been detected
[debug] &amp#27;[35m[ADB]&amp#27;[39m Could not find devices, restarting adb server...
[debug] &amp#27;[35m[ADB]&amp#27;[39m Restarting adb
[debug] &amp#27;[35m[ADB]&amp#27;[39m Killing adb server on port '5037'
[debug] &amp#27;[35m[ADB]&amp#27;[39m Running '/usr/local/Caskroom/android-sdk/4333796/platform-tools/adb -P 5037 kill-server'
[debug] &amp#27;[35m[ADB]&amp#27;[39m Getting connected devices...
[debug] &amp#27;[35m[ADB]&amp#27;[39m No connected devices have been detected
[debug] &amp#27;[35m[ADB]&amp#27;[39m Could not find devices, restarting adb server...
[debug] &amp#27;[35m[ADB]&amp#27;[39m Restarting adb
[debug] &amp#27;[35m[ADB]&amp#27;[39m Killing adb server on port '5037'
[debug] &amp#27;[35m[ADB]&amp#27;[39m Running '/usr/local/Caskroom/android-sdk/4333796/platform-tools/adb -P 5037 kill-server'
[debug] &amp#27;[35m[ADB]&amp#27;[39m Getting connected devices...
[debug] &amp#27;[35m[ADB]&amp#27;[39m No connected devices have been detected
[debug] &amp#27;[35m[ADB]&amp#27;[39m Could not find devices, restarting adb server...
[debug] &amp#27;[35m[ADB]&amp#27;[39m Restarting adb
[debug] &amp#27;[35m[ADB]&amp#27;[39m Killing adb server on port '5037'
[debug] &amp#27;[35m[ADB]&amp#27;[39m Running '/usr/local/Caskroom/android-sdk/4333796/platform-tools/adb -P 5037 kill-server'
[debug] &amp#27;[35m[ADB]&amp#27;[39m Getting connected devices...
[debug] &amp#27;[35m[ADB]&amp#27;[39m No connected devices have been detected
[debug] &amp#27;[35m[ADB]&amp#27;[39m Could not find devices, restarting adb server...
[debug] &amp#27;[35m[ADB]&amp#27;[39m Restarting adb
[debug] &amp#27;[35m[ADB]&amp#27;[39m Killing adb server on port '5037'
[debug] &amp#27;[35m[ADB]&amp#27;[39m Running '/usr/local/Caskroom/android-sdk/4333796/platform-tools/adb -P 5037 kill-server'
[debug] &amp#27;[35m[ADB]&amp#27;[39m Getting connected devices...
[debug] &amp#27;[35m[ADB]&amp#27;[39m No connected devices have been detected
[debug] &amp#27;[35m[ADB]&amp#27;[39m Could not find devices, restarting adb server...
[debug] &amp#27;[35m[ADB]&amp#27;[39m Restarting adb
[debug] &amp#27;[35m[ADB]&amp#27;[39m Killing adb server on port '5037'
[debug] &amp#27;[35m[ADB]&amp#27;[39m Running '/usr/local/Caskroom/android-sdk/4333796/platform-tools/adb -P 5037 kill-server'
[debug] &amp#27;[35m[ADB]&amp#27;[39m Getting connected devices...
[debug] &amp#27;[35m[ADB]&amp#27;[39m No connected devices have been detected
[debug] &amp#27;[35m[ADB]&amp#27;[39m Could not find devices, restarting adb server...
[debug] &amp#27;[35m[ADB]&amp#27;[39m Restarting adb
[debug] &amp#27;[35m[ADB]&amp#27;[39m Killing adb server on port '5037'
[debug] &amp#27;[35m[ADB]&amp#27;[39m Running '/usr/local/Caskroom/android-sdk/4333796/platform-tools/adb -P 5037 kill-server'
[debug] &amp#27;[35m[ADB]&amp#27;[39m Getting connected devices...
[debug] &amp#27;[35m[ADB]&amp#27;[39m No connected devices have been detected
[debug] &amp#27;[35m[ADB]&amp#27;[39m Could not find devices, restarting adb server...
[debug] &amp#27;[35m[ADB]&amp#27;[39m Restarting adb
[debug] &amp#27;[35m[ADB]&amp#27;[39m Killing adb server on port '5037'
[debug] &amp#27;[35m[ADB]&amp#27;[39m Running '/usr/local/Caskroom/android-sdk/4333796/platform-tools/adb -P 5037 kill-server'
[debug] &amp#27;[35m[ADB]&amp#27;[39m Getting connected devices...
[debug] &amp#27;[35m[ADB]&amp#27;[39m No connected devices have been detected
[debug] &amp#27;[35m[ADB]&amp#27;[39m Could not find devices, restarting adb server...
[debug] &amp#27;[35m[ADB]&amp#27;[39m Restarting adb
[debug] &amp#27;[35m[ADB]&amp#27;[39m Killing adb server on port '5037'
[debug] &amp#27;[35m[ADB]&amp#27;[39m Running '/usr/local/Caskroom/android-sdk/4333796/platform-tools/adb -P 5037 kill-server'
[debug] &amp#27;[35m[ADB]&amp#27;[39m Getting connected devices...
[debug] &amp#27;[35m[ADB]&amp#27;[39m No connected devices have been detected
[debug] &amp#27;[35m[ADB]&amp#27;[39m Could not find devices, restarting adb server...
[debug] &amp#27;[35m[ADB]&amp#27;[39m Restarting adb
[debug] &amp#27;[35m[ADB]&amp#27;[39m Killing adb server on port '5037'
[debug] &amp#27;[35m[ADB]&amp#27;[39m Running '/usr/local/Caskroom/android-sdk/4333796/platform-tools/adb -P 5037 kill-server'
[debug] &amp#27;[35m[UiAutomator2]&amp#27;[39m Deleting UiAutomator2 session
[debug] &amp#27;[35m[BaseDriver]&amp#27;[39m Event 'newSessionStarted' logged at 1587700409628 (13:53:29 GMT+1000 (Australian Eastern Standard Time))
[debug] &amp#27;[35m[W3C]&amp#27;[39m Encountered internal error running command: Error: Could not find a connected Android device in 20377ms.
[debug] &amp#27;[35m[W3C]&amp#27;[39m     at getDevices (/Users/asthayvas/.nvm/versions/node/v12.16.0/lib/node_modules/appium/node_modules/appium-adb/lib/tools/system-calls.js:211:13)
[debug] &amp#27;[35m[W3C]&amp#27;[39m     at getDevices (/Users/asthayvas/.nvm/versions/node/v12.16.0/lib/node_modules/appium/node_modules/appium-adb/lib/tools/system-calls.js:224:18)
[debug] &amp#27;[35m[W3C]&amp#27;[39m     at getDevices (/Users/asthayvas/.nvm/versions/node/v12.16.0/lib/node_modules/appium/node_modules/appium-adb/lib/tools/system-calls.js:224:12)
[debug] &amp#27;[35m[W3C]&amp#27;[39m     at getDevices (/Users/asthayvas/.nvm/versions/node/v12.16.0/lib/node_modules/appium/node_modules/appium-adb/lib/tools/system-calls.js:224:12)
[debug] &amp#27;[35m[W3C]&amp#27;[39m     at getDevices (/Users/asthayvas/.nvm/versions/node/v12.16.0/lib/node_modules/appium/node_modules/appium-adb/lib/tools/system-calls.js:224:12)
[debug] &amp#27;[35m[W3C]&amp#27;[39m     at getDevices (/Users/asthayvas/.nvm/versions/node/v12.16.0/lib/node_modules/appium/node_modules/appium-adb/lib/tools/system-calls.js:224:12)
[debug] &amp#27;[35m[W3C]&amp#27;[39m     at getDevices (/Users/asthayvas/.nvm/versions/node/v12.16.0/lib/node_modules/appium/node_modules/appium-adb/lib/tools/system-calls.js:224:12)
[debug] &amp#27;[35m[W3C]&amp#27;[39m     at getDevices (/Users/asthayvas/.nvm/versions/node/v12.16.0/lib/node_modules/appium/node_modules/appium-adb/lib/tools/system-calls.js:224:12)
[debug] &amp#27;[35m[W3C]&amp#27;[39m     at getDevices (/Users/asthayvas/.nvm/versions/node/v12.16.0/lib/node_modules/appium/node_modules/appium-adb/lib/tools/system-calls.js:224:12)
[debug] &amp#27;[35m[W3C]&amp#27;[39m     at getDevices (/Users/asthayvas/.nvm/versions/node/v12.16.0/lib/node_modules/appium/node_modules/appium-adb/lib/tools/system-calls.js:224:12)
[debug] &amp#27;[35m[W3C]&amp#27;[39m     at getDevices (/Users/asthayvas/.nvm/versions/node/v12.16.0/lib/node_modules/appium/node_modules/appium-adb/lib/tools/system-calls.js:224:12)
[debug] &amp#27;[35m[W3C]&amp#27;[39m     at getDevices (/Users/asthayvas/.nvm/versions/node/v12.16.0/lib/node_modules/appium/node_modules/appium-adb/lib/tools/system-calls.js:224:12)
[debug] &amp#27;[35m[W3C]&amp#27;[39m     at getDevices (/Users/asthayvas/.nvm/versions/node/v12.16.0/lib/node_modules/appium/node_modules/appium-adb/lib/tools/system-calls.js:224:12)
[debug] &amp#27;[35m[W3C]&amp#27;[39m     at getDevices (/Users/asthayvas/.nvm/versions/node/v12.16.0/lib/node_modules/appium/node_modules/appium-adb/lib/tools/system-calls.js:224:12)
[debug] &amp#27;[35m[W3C]&amp#27;[39m     at getDevices (/Users/asthayvas/.nvm/versions/node/v12.16.0/lib/node_modules/appium/node_modules/appium-adb/lib/tools/system-calls.js:224:12)
[debug] &amp#27;[35m[W3C]&amp#27;[39m     at getDevices (/Users/asthayvas/.nvm/versions/node/v12.16.0/lib/node_modules/appium/node_modules/appium-adb/lib/tools/system-calls.js:224:12)
[debug] &amp#27;[35m[W3C]&amp#27;[39m     at getDevices (/Users/asthayvas/.nvm/versions/node/v12.16.0/lib/node_modules/appium/node_modules/appium-adb/lib/tools/system-calls.js:224:12)
[debug] &amp#27;[35m[W3C]&amp#27;[39m     at getDevices (/Users/asthayvas/.nvm/versions/node/v12.16.0/lib/node_modules/appium/node_modules/appium-adb/lib/tools/system-calls.js:224:12)
[debug] &amp#27;[35m[W3C]&amp#27;[39m     at getDevices (/Users/asthayvas/.nvm/versions/node/v12.16.0/lib/node_modules/appium/node_modules/appium-adb/lib/tools/system-calls.js:224:12)
[debug] &amp#27;[35m[W3C]&amp#27;[39m     at getDevices (/Users/asthayvas/.nvm/versions/node/v12.16.0/lib/node_modules/appium/node_modules/appium-adb/lib/tools/system-calls.js:224:12)
[debug] &amp#27;[35m[W3C]&amp#27;[39m     at getDevices (/Users/asthayvas/.nvm/versions/node/v12.16.0/lib/node_modules/appium/node_modules/appium-adb/lib/tools/system-calls.js:224:12)
[debug] &amp#27;[35m[W3C]&amp#27;[39m     at getDevices (/Users/asthayvas/.nvm/versions/node/v12.16.0/lib/node_modules/appium/node_modules/appium-adb/lib/tools/system-calls.js:224:12)
[debug] &amp#27;[35m[W3C]&amp#27;[39m Destroying socket connection
&amp#27;[35m[HTTP]&amp#27;[39m &amp#27;[37m<-- POST /wd/hub/session &amp#27;[39m&amp#27;[31m500&amp#27;[39m &amp#27;[90m20403 ms - 671&amp#27;[39m
&amp#27;[35m[HTTP]&amp#27;[39m &amp#27;[90m&amp#27;[39m
]]></system-out>
    <system-err><![CDATA[Apr 24, 2020 1:52:43 PM io.cucumber.junit.Cucumber <init>
WARNING: By default Cucumber is running in --non-strict mode.
This default will change to --strict and --non-strict will be removed.
You can use --strict or @CucumberOptions(strict = true) to suppress this warning
SLF4J: Failed to load class "org.slf4j.impl.StaticLoggerBinder".
SLF4J: Defaulting to no-operation (NOP) logger implementation
SLF4J: See http://www.slf4j.org/codes.html#StaticLoggerBinder for further details.
]]></system-err>
  </testcase>
  <testcase name="Purchase a TV from the Amazon application" classname="Amazon_Checkout" time="42.189">
    <error message="Unable to create a new remote session. Please check the server log for more details. Original error: An unknown server-side error occurred while processing the command. Original error: Could not find a connected Android device in 20377ms.&#10;Build info: version: &apos;3.141.59&apos;, revision: &apos;e82be7d358&apos;, time: &apos;2018-11-14T08:17:03&apos;&#10;System info: host: &apos;asthayvas-FVFX703QHV2G&apos;, ip: &apos;fe80:0:0:0:e2:b908:8def:b4b3%en0&apos;, os.name: &apos;Mac OS X&apos;, os.arch: &apos;x86_64&apos;, os.version: &apos;10.15.3&apos;, java.version: &apos;1.8.0_242&apos;&#10;Driver info: driver.version: AndroidDriver&#10;remote stacktrace: UnknownError: An unknown server-side error occurred while processing the command. Original error: Could not find a connected Android device in 20377ms.&#10;    at getResponseForW3CError (/Users/asthayvas/.nvm/versions/node/v12.16.0/lib/node_modules/appium/node_modules/appium-base-driver/lib/protocol/errors.js:804:9)&#10;    at asyncHandler (/Users/asthayvas/.nvm/versions/node/v12.16.0/lib/node_modules/appium/node_modules/appium-base-driver/lib/protocol/protocol.js:392:37)&#10;Build info: version: &apos;3.141.59&apos;, revision: &apos;e82be7d358&apos;, time: &apos;2018-11-14T08:17:03&apos;&#10;System info: host: &apos;asthayvas-FVFX703QHV2G&apos;, ip: &apos;fe80:0:0:0:e2:b908:8def:b4b3%en0&apos;, os.name: &apos;Mac OS X&apos;, os.arch: &apos;x86_64&apos;, os.version: &apos;10.15.3&apos;, java.version: &apos;1.8.0_242&apos;&#10;Driver info: driver.version: AndroidDriver" type="org.openqa.selenium.SessionNotCreatedException">org.openqa.selenium.SessionNotCreatedException: 
Unable to create a new remote session. Please check the server log for more details. Original error: An unknown server-side error occurred while processing the command. Original error: Could not find a connected Android device in 20377ms.
Build info: version: '3.141.59', revision: 'e82be7d358', time: '2018-11-14T08:17:03'
System info: host: 'asthayvas-FVFX703QHV2G', ip: 'fe80:0:0:0:e2:b908:8def:b4b3%en0', os.name: 'Mac OS X', os.arch: 'x86_64', os.version: '10.15.3', java.version: '1.8.0_242'
Driver info: driver.version: AndroidDriver
remote stacktrace: UnknownError: An unknown server-side error occurred while processing the command. Original error: Could not find a connected Android device in 20377ms.
    at getResponseForW3CError (/Users/asthayvas/.nvm/versions/node/v12.16.0/lib/node_modules/appium/node_modules/appium-base-driver/lib/protocol/errors.js:804:9)
    at asyncHandler (/Users/asthayvas/.nvm/versions/node/v12.16.0/lib/node_modules/appium/node_modules/appium-base-driver/lib/protocol/protocol.js:392:37)
Build info: version: '3.141.59', revision: 'e82be7d358', time: '2018-11-14T08:17:03'
System info: host: 'asthayvas-FVFX703QHV2G', ip: 'fe80:0:0:0:e2:b908:8def:b4b3%en0', os.name: 'Mac OS X', os.arch: 'x86_64', os.version: '10.15.3', java.version: '1.8.0_242'
Driver info: driver.version: AndroidDriver
Caused by: java.lang.reflect.InvocationTargetException
Caused by: org.openqa.selenium.WebDriverException: 
An unknown server-side error occurred while processing the command. Original error: Could not find a connected Android device in 20377ms.
Build info: version: '3.141.59', revision: 'e82be7d358', time: '2018-11-14T08:17:03'
System info: host: 'asthayvas-FVFX703QHV2G', ip: 'fe80:0:0:0:e2:b908:8def:b4b3%en0', os.name: 'Mac OS X', os.arch: 'x86_64', os.version: '10.15.3', java.version: '1.8.0_242'
Driver info: driver.version: AndroidDriver
remote stacktrace: UnknownError: An unknown server-side error occurred while processing the command. Original error: Could not find a connected Android device in 20377ms.
    at getResponseForW3CError (/Users/asthayvas/.nvm/versions/node/v12.16.0/lib/node_modules/appium/node_modules/appium-base-driver/lib/protocol/errors.js:804:9)
    at asyncHandler (/Users/asthayvas/.nvm/versions/node/v12.16.0/lib/node_modules/appium/node_modules/appium-base-driver/lib/protocol/protocol.js:392:37)
</error>
  </testcase>
</testsuite>